#
# A fatal error has been detected by the Java Runtime Environment:
#
#  EXCEPTION_ACCESS_VIOLATION (0xc0000005) at pc=0x00229e69, pid=6564, tid=6456
#
# JRE version: 7.0_13-b20
# Java VM: Java HotSpot(TM) Client VM (23.7-b01 mixed mode windows-x86 )
# Problematic frame:
# C  [rxtxSerial.dll+0x9e69]  Java_gnu_io_RXTXPort_nativeSetEndOfInputChar+0x3a9
#
# Failed to write core dump. Minidumps are not enabled by default on client versions of Windows
#
# If you would like to submit a bug report, please visit:
#   http://bugreport.sun.com/bugreport/crash.jsp
# The crash happened outside the Java Virtual Machine in native code.
# See problematic frame for where to report the bug.
#

---------------  T H R E A D  ---------------

Current thread (0x19677800):  JavaThread "Thread-3" [_thread_in_native, id=6456, stack(0x1d000000,0x1d050000)]

siginfo: ExceptionCode=0xc0000005, writing address 0x1cfdf1d0

Registers:
EAX=0x1cfdf1c8, EBX=0x5d91bef0, ECX=0x0000000e, EDX=0x00000000
ESP=0x1d04f750, EBP=0x1d04f938, ESI=0x148afc30, EDI=0x19677800
EIP=0x00229e69, EFLAGS=0x00010206

Top of Stack: (sp=0x1d04f750)
0x1d04f750:   5d91bef0 00309988 5d899a4b 00000001
0x1d04f760:   1d04f7e8 5d990af0 ffffffff 19677800
0x1d04f770:   00000001 00309988 19677800 1cfdf1c8
0x1d04f780:   00000004 00000000 00000001 00000001
0x1d04f790:   00000081 00300000 19673e00 1d04f878
0x1d04f7a0:   77c23af4 77c23b23 68d58d17 00000400
0x1d04f7b0:   0030344c 00300000 00000000 1d04f7e8
0x1d04f7c0:   00303330 00000140 00300000 19673e00 

Instructions: (pc=0x00229e69)
0x00229e49:   38 0b 74 27 83 c4 f4 68 e0 9b 22 00 e8 d2 27 00
0x00229e59:   00 83 c4 10 8b 85 44 fe ff ff 8b 95 4c fe ff ff
0x00229e69:   89 50 08 b8 ff ff ff ff eb 5d 90 8b 85 44 fe ff
0x00229e79:   ff 8b 95 4c fe ff ff 89 50 08 b8 ff ff ff ff eb 


Register to memory mapping:

EAX=0x1cfdf1c8 is an unknown value
EBX=0x5d91bef0 is an unknown value
ECX=0x0000000e is an unknown value
EDX=0x00000000 is an unknown value
ESP=0x1d04f750 is pointing into the stack for thread: 0x19677800
EBP=0x1d04f938 is pointing into the stack for thread: 0x19677800
ESI=0x148afc30 is an oop
{constMethod} 
 - klass: {other class}
 - method:       0x148afc38 {method} 'readArray' '([BII)I' in 'gnu/io/RXTXPort'
 - exceptions:   0x14691128
EDI=0x19677800 is a thread


Stack: [0x1d000000,0x1d050000],  sp=0x1d04f750,  free space=317k
Native frames: (J=compiled Java code, j=interpreted, Vv=VM code, C=native code)
C  [rxtxSerial.dll+0x9e69]  Java_gnu_io_RXTXPort_nativeSetEndOfInputChar+0x3a9
C  [rxtxSerial.dll+0xa20b]  Java_gnu_io_RXTXPort_readArray+0xc3
j  gnu.io.RXTXPort.readArray([BII)I+0
j  gnu.io.RXTXPort$SerialInputStream.read([BII)I+187
j  gnu.io.RXTXPort$SerialInputStream.read([B)I+38
j  SerialReader.run()V+32
j  java.lang.Thread.run()V+11
v  ~StubRoutines::call_stub
V  [jvm.dll+0x12a34a]
V  [jvm.dll+0x1d968e]
V  [jvm.dll+0x12a533]
V  [jvm.dll+0x12a597]
V  [jvm.dll+0xd306f]
V  [jvm.dll+0x14a647]
V  [jvm.dll+0x14a7b0]
V  [jvm.dll+0x17ee89]
C  [msvcr100.dll+0x5c6de]  endthreadex+0x3a
C  [msvcr100.dll+0x5c788]  endthreadex+0xe4
C  [kernel32.dll+0x13677]  BaseThreadInitThunk+0x12
C  [ntdll.dll+0x39d72]  RtlInitializeExceptionChain+0x63
C  [ntdll.dll+0x39d45]  RtlInitializeExceptionChain+0x36

Java frames: (J=compiled Java code, j=interpreted, Vv=VM code)
j  gnu.io.RXTXPort.readArray([BII)I+0
j  gnu.io.RXTXPort$SerialInputStream.read([BII)I+187
j  gnu.io.RXTXPort$SerialInputStream.read([B)I+38
j  SerialReader.run()V+32
j  java.lang.Thread.run()V+11
v  ~StubRoutines::call_stub

---------------  P R O C E S S  ---------------

Java Threads: ( => current thread )
  0x19674400 JavaThread "Thread-4" [_thread_blocked, id=12044, stack(0x1d130000,0x1d180000)]
=>0x19677800 JavaThread "Thread-3" [_thread_in_native, id=6456, stack(0x1d000000,0x1d050000)]
  0x0030b400 JavaThread "DestroyJavaVM" [_thread_blocked, id=8536, stack(0x00dd0000,0x00e20000)]
  0x19662000 JavaThread "D3D Screen Updater" daemon [_thread_blocked, id=9012, stack(0x1c8c0000,0x1c910000)]
  0x195da000 JavaThread "AWT-EventQueue-0" [_thread_blocked, id=11564, stack(0x1b340000,0x1b390000)]
  0x0117d400 JavaThread "AWT-Windows" daemon [_thread_in_native, id=9584, stack(0x19030000,0x19080000)]
  0x0117cc00 JavaThread "AWT-Shutdown" [_thread_blocked, id=6944, stack(0x18f90000,0x18fe0000)]
  0x0117a800 JavaThread "Java2D Disposer" daemon [_thread_blocked, id=9312, stack(0x18df0000,0x18e40000)]
  0x01054c00 JavaThread "Service Thread" daemon [_thread_blocked, id=8592, stack(0x189f0000,0x18a40000)]
  0x0104c000 JavaThread "C1 CompilerThread0" daemon [_thread_blocked, id=7116, stack(0x18860000,0x188b0000)]
  0x01048c00 JavaThread "Attach Listener" daemon [_thread_blocked, id=3836, stack(0x18a80000,0x18ad0000)]
  0x01045c00 JavaThread "Signal Dispatcher" daemon [_thread_blocked, id=10280, stack(0x18980000,0x189d0000)]
  0x00fdc400 JavaThread "Finalizer" daemon [_thread_blocked, id=2516, stack(0x188b0000,0x18900000)]
  0x00fdac00 JavaThread "Reference Handler" daemon [_thread_blocked, id=11952, stack(0x01200000,0x01250000)]

Other Threads:
  0x00fd6800 VMThread [stack: 0x18810000,0x18860000] [id=11748]
  0x0106e400 WatcherThread [stack: 0x18c10000,0x18c60000] [id=7688]

VM state:not at safepoint (normal execution)

VM Mutex/Monitor currently owned by a thread: None

Heap
 def new generation   total 4928K, used 4284K [0x04690000, 0x04be0000, 0x09be0000)
  eden space 4416K,  97% used [0x04690000, 0x04abf0a8, 0x04ae0000)
  from space 512K,   0% used [0x04ae0000, 0x04ae0000, 0x04b60000)
  to   space 512K,   0% used [0x04b60000, 0x04b60000, 0x04be0000)
 tenured generation   total 10944K, used 0K [0x09be0000, 0x0a690000, 0x14690000)
   the space 10944K,   0% used [0x09be0000, 0x09be0000, 0x09be0200, 0x0a690000)
 compacting perm gen  total 12288K, used 7359K [0x14690000, 0x15290000, 0x18690000)
   the space 12288K,  59% used [0x14690000, 0x14dbff20, 0x14dc0000, 0x15290000)
No shared spaces configured.

Card table byte_map: [0x00f20000,0x00fd0000] byte_map_base: 0x00efcb80

Polling page: 0x00130000

Code Cache  [0x02690000, 0x02768000, 0x04690000)
 total_blobs=401 nmethods=182 adapters=154 free_code_cache=31910Kb largest_free_block=32676160

Compilation events (10 events):
Event: 13.705 Thread 0x0104c000  152             sun.java2d.SurfaceData::isValid (5 bytes)
Event: 13.705 Thread 0x0104c000 nmethod 152 0x02760188 code [0x02760280, 0x02760300]
Event: 17.401 Thread 0x0104c000  153             java.io.BufferedWriter::ensureOpen (18 bytes)
Event: 17.402 Thread 0x0104c000 nmethod 153 0x02760348 code [0x02760450, 0x0276054c]
Event: 17.503 Thread 0x0104c000  154   !         gnu.io.RXTXPort::waitForTheNativeCodeSilly (21 bytes)
Event: 17.504 Thread 0x0104c000 nmethod 154 0x027605c8 code [0x027606d0, 0x027607bc]
Event: 20.223 Thread 0x0104c000  155             java.lang.ref.SoftReference::get (29 bytes)
Event: 20.224 Thread 0x0104c000 nmethod 155 0x02760888 code [0x02760980, 0x02760a40]
Event: 21.244 Thread 0x0104c000  156             java.nio.Buffer::position (5 bytes)
Event: 21.245 Thread 0x0104c000 nmethod 156 0x02760a88 code [0x02760b80, 0x02760c00]

GC Heap History (0 events):
No events

Deoptimization events (0 events):
No events

Internal exceptions (10 events):
Event: 1.078 Thread 0x0030b400 Threw 0x04930260 at C:\jdk7u2_32P\jdk7u13_2932_new\hotspot\src\share\vm\prims\jvm.cpp:1166
Event: 1.078 Thread 0x0030b400 Threw 0x0495d830 at C:\jdk7u2_32P\jdk7u13_2932_new\hotspot\src\share\vm\prims\jvm.cpp:1166
Event: 1.079 Thread 0x0030b400 Threw 0x0495eef0 at C:\jdk7u2_32P\jdk7u13_2932_new\hotspot\src\share\vm\prims\jvm.cpp:1166
Event: 1.079 Thread 0x0030b400 Threw 0x04960580 at C:\jdk7u2_32P\jdk7u13_2932_new\hotspot\src\share\vm\prims\jvm.cpp:1166
Event: 1.080 Thread 0x0030b400 Threw 0x04961618 at C:\jdk7u2_32P\jdk7u13_2932_new\hotspot\src\share\vm\prims\jvm.cpp:1166
Event: 1.094 Thread 0x0030b400 Threw 0x0496ec80 at C:\jdk7u2_32P\jdk7u13_2932_new\hotspot\src\share\vm\prims\jvm.cpp:1166
Event: 2.634 Thread 0x195da000 Threw 0x04997a60 at C:\jdk7u2_32P\jdk7u13_2932_new\hotspot\src\share\vm\prims\jvm.cpp:1166
Event: 2.661 Thread 0x195da000 Threw 0x049c0d68 at C:\jdk7u2_32P\jdk7u13_2932_new\hotspot\src\share\vm\prims\jvm.cpp:1166
Event: 5.163 Thread 0x19674400 Threw 0x049f86f0 at C:\jdk7u2_32P\jdk7u13_2932_new\hotspot\src\share\vm\prims\jni.cpp:742
Event: 22.908 Thread 0x19674400 Threw 0x04a28e60 at C:\jdk7u2_32P\jdk7u13_2932_new\hotspot\src\share\vm\prims\jni.cpp:716

Events (10 events):
Event: 9.401 Executing VM operation: RevokeBias
Event: 9.401 Executing VM operation: RevokeBias done
Event: 9.402 Executing VM operation: RevokeBias
Event: 9.402 Executing VM operation: RevokeBias done
Event: 9.402 Executing VM operation: RevokeBias
Event: 9.402 Executing VM operation: RevokeBias done
Event: 10.177 Executing VM operation: RevokeBias
Event: 10.177 Executing VM operation: RevokeBias done
Event: 10.177 Thread 0x19674c00 Thread exited: 0x19674c00
Event: 22.908 Thread 0x1966b800 Thread exited: 0x1966b800


Dynamic libraries:
0x01260000 - 0x0128f000 	C:\Program Files (x86)\Java\jdk1.7.0_13\bin\javaw.exe
0x77bf0000 - 0x77d70000 	C:\Windows\SysWOW64\ntdll.dll
0x76dc0000 - 0x76ec0000 	C:\Windows\syswow64\kernel32.dll
0x76cd0000 - 0x76d16000 	C:\Windows\syswow64\KERNELBASE.dll
0x76bf0000 - 0x76c90000 	C:\Windows\syswow64\ADVAPI32.dll
0x772a0000 - 0x7734c000 	C:\Windows\syswow64\msvcrt.dll
0x76ae0000 - 0x76af9000 	C:\Windows\SysWOW64\sechost.dll
0x76b00000 - 0x76bf0000 	C:\Windows\syswow64\RPCRT4.dll
0x75760000 - 0x757c0000 	C:\Windows\syswow64\SspiCli.dll
0x75750000 - 0x7575c000 	C:\Windows\syswow64\CRYPTBASE.dll
0x757c0000 - 0x758c0000 	C:\Windows\syswow64\USER32.dll
0x76ed0000 - 0x76f60000 	C:\Windows\syswow64\GDI32.dll
0x76ec0000 - 0x76eca000 	C:\Windows\syswow64\LPK.dll
0x774c0000 - 0x7755d000 	C:\Windows\syswow64\USP10.dll
0x71f00000 - 0x7209e000 	C:\Windows\WinSxS\x86_microsoft.windows.common-controls_6595b64144ccf1df_6.0.7600.16385_none_421189da2b7fabfc\COMCTL32.dll
0x75a90000 - 0x75ae7000 	C:\Windows\syswow64\SHLWAPI.dll
0x75b20000 - 0x75b80000 	C:\Windows\system32\IMM32.DLL
0x77620000 - 0x776ec000 	C:\Windows\syswow64\MSCTF.dll
0x6ba00000 - 0x6babe000 	C:\Program Files (x86)\Java\jdk1.7.0_13\jre\bin\msvcr100.dll
0x5d870000 - 0x5dbbd000 	C:\Program Files (x86)\Java\jdk1.7.0_13\jre\bin\client\jvm.dll
0x703e0000 - 0x703e7000 	C:\Windows\system32\WSOCK32.dll
0x76c90000 - 0x76cc5000 	C:\Windows\syswow64\WS2_32.dll
0x76d20000 - 0x76d26000 	C:\Windows\syswow64\NSI.dll
0x714a0000 - 0x714d2000 	C:\Windows\system32\WINMM.dll
0x767d0000 - 0x767d5000 	C:\Windows\syswow64\PSAPI.DLL
0x6bb70000 - 0x6bb7c000 	C:\Program Files (x86)\Java\jdk1.7.0_13\jre\bin\verify.dll
0x6bb50000 - 0x6bb70000 	C:\Program Files (x86)\Java\jdk1.7.0_13\jre\bin\java.dll
0x6bb30000 - 0x6bb43000 	C:\Program Files (x86)\Java\jdk1.7.0_13\jre\bin\zip.dll
0x00220000 - 0x00232000 	C:\Program Files (x86)\Java\jdk1.7.0_13\jre\bin\rxtxSerial.dll
0x6c240000 - 0x6c267000 	C:\Windows\system32\crtdll.dll
0x5cc40000 - 0x5cd82000 	C:\Program Files (x86)\Java\jdk1.7.0_13\jre\bin\awt.dll
0x76a50000 - 0x76adf000 	C:\Windows\syswow64\OLEAUT32.dll
0x77350000 - 0x774ac000 	C:\Windows\syswow64\ole32.dll
0x6d2c0000 - 0x6d340000 	C:\Windows\system32\uxtheme.dll
0x6d2a0000 - 0x6d2b3000 	C:\Windows\system32\dwmapi.dll
0x75b80000 - 0x767c9000 	C:\Windows\syswow64\SHELL32.dll
0x60460000 - 0x6048a000 	C:\Program Files (x86)\Java\jdk1.7.0_13\jre\bin\fontmanager.dll
0x6bd80000 - 0x6bf43000 	C:\Windows\system32\d3d9.dll
0x722b0000 - 0x722b9000 	C:\Windows\system32\VERSION.dll
0x756e0000 - 0x756e6000 	C:\Windows\system32\d3d8thk.dll
0x60c00000 - 0x60c08000 	C:\Windows\system32\atiu9pag.dll
0x60870000 - 0x60be6000 	C:\Windows\system32\atiumdag.dll
0x60570000 - 0x6084f000 	C:\Windows\system32\atiumdva.dll
0x746e0000 - 0x746f4000 	C:\Program Files (x86)\Java\jdk1.7.0_13\jre\bin\net.dll
0x00d00000 - 0x00d33000 	C:\Windows\system32\idmmbc.dll
0x714e0000 - 0x7151c000 	C:\Windows\system32\mswsock.dll
0x6e880000 - 0x6e886000 	C:\Windows\System32\wship6.dll
0x749c0000 - 0x749ce000 	C:\Program Files (x86)\Java\jdk1.7.0_13\jre\bin\nio.dll
0x5dc20000 - 0x5dc51000 	C:\Program Files (x86)\Java\jdk1.7.0_13\jre\bin\t2k.dll
0x00320000 - 0x00327000 	C:\Program Files (x86)\Internet Download Manager\idmmkb.dll
0x6ee30000 - 0x6ef1b000 	C:\Windows\system32\dbghelp.dll

VM Arguments:
jvm_args: -Dfile.encoding=Cp1256 
java_command: MainClass
Launcher Type: SUN_STANDARD

Environment Variables:
CLASSPATH=.;C:\Program Files (x86)\Java\jre7\lib\ext\QTJava.zip
PATH=C:\Program Files (x86)\CSR\BlueSuite 2.4\DFU Tools;C:\Program Files\Common Files\Microsoft Shared\Windows Live;C:\Windows\system32;C:\Windows;C:\Windows\System32\Wbem;C:\Windows\System32\WindowsPowerShell\v1.0\;C:\Program Files (x86)\ATI Technologies\ATI.ACE\Core-Static;C:\Program Files\WIDCOMM\Bluetooth Software\;C:\Program Files\WIDCOMM\Bluetooth Software\syswow64;C:\Users\Ahmed\Desktop\android-sdk-windows\tools\;C:\Users\Ahmed\Desktop\android-sdk-windows\android-ndk-r8d\;C:\Users\Ahmed\Desktop\android-sdk-windows\android-ndk-r8d\samples\Androlirc-master\jni;C:\Program Files (x86)\Git\cmd;C:\Program Files (x86)\QuickTime\QTSystem\;C:\Program Files (x86)\SlikSvn\bin;C:\Program Files (x86)\Subversion\bin;C:\Cadence\SPB_15.5\tools\PSpice\Library;C:\Cadence\SPB_15.5\tools\Capture;C:\Cadence\SPB_15.5\tools\bin;C:\Cadence\SPB_15.5\tools\pcb\bin;C:\Cadence\SPB_15.5\tools\specctra\bin;C:\Cadence\SPB_15.5\tools\libutil\bin;C:\Cadence\SPB_15.5\tools\fet\bin;C:\Program Files (x86)\IVI Foundation\VISA\WinNT\Bin;C:\Program Files\Common Files\Microsoft Shared\Windows Live;H:\ndk\android-ndk-r8d;C:\cygwin\bin;C:\Program Files\Java\jdk1.7.0_45;
USERNAME=Ahmed
OS=Windows_NT
PROCESSOR_IDENTIFIER=Intel64 Family 6 Model 37 Stepping 5, GenuineIntel



---------------  S Y S T E M  ---------------

OS: Windows 7 , 64 bit Build 7600 

CPU:total 4 (2 cores per cpu, 2 threads per core) family 6 model 37 stepping 5, cmov, cx8, fxsr, mmx, sse, sse2, sse3, ssse3, sse4.1, sse4.2, popcnt, ht, tsc, tscinvbit

Memory: 4k page, physical 3987312k(1925700k free), swap 7972728k(4770760k free)

vm_info: Java HotSpot(TM) Client VM (23.7-b01) for windows-x86 JRE (1.7.0_13-b20), built on Jan 30 2013 10:03:58 by "java_re" with unknown MS VC++:1600

time: Tue Dec 17 21:54:29 2013
elapsed time: 22 seconds

