#
# A fatal error has been detected by the Java Runtime Environment:
#
#  EXCEPTION_ACCESS_VIOLATION (0xc0000005) at pc=0x00f09e69, pid=10988, tid=9984
#
# JRE version: 7.0_13-b20
# Java VM: Java HotSpot(TM) Client VM (23.7-b01 mixed mode windows-x86 )
# Problematic frame:
# C  [rxtxSerial.dll+0x9e69]  Java_gnu_io_RXTXPort_nativeSetEndOfInputChar+0x3a9
#
# Failed to write core dump. Minidumps are not enabled by default on client versions of Windows
#
# If you would like to submit a bug report, please visit:
#   http://bugreport.sun.com/bugreport/crash.jsp
# The crash happened outside the Java Virtual Machine in native code.
# See problematic frame for where to report the bug.
#

---------------  T H R E A D  ---------------

Current thread (0x194e4800):  JavaThread "Thread-3" [_thread_in_native, id=9984, stack(0x1cf90000,0x1cfe0000)]

siginfo: ExceptionCode=0xc0000005, writing address 0x1cf2f420

Registers:
EAX=0x1cf2f418, EBX=0x5d91bef0, ECX=0x0000000e, EDX=0x00000000
ESP=0x1cfdf160, EBP=0x1cfdf348, ESI=0x148afc58, EDI=0x194e4800
EIP=0x00f09e69, EFLAGS=0x00010206

Top of Stack: (sp=0x1cfdf160)
0x1cfdf160:   5d91bef0 00fd9988 00000000 00000001
0x1cfdf170:   186a7f4c 00fd9988 00fd9988 18796d40
0x1cfdf180:   00000001 00fd9fa0 18707500 1cf2f418
0x1cfdf190:   00000006 00000000 00000001 00000001
0x1cfdf1a0:   00000081 00fd0000 194ecec0 1cfdf288
0x1cfdf1b0:   77c23af4 77c23b23 6939854d 00000400
0x1cfdf1c0:   00fd344c 00fd0000 18707520 00000000
0x1cfdf1d0:   00fd3330 ffffffff 00fd0000 194ecec0 

Instructions: (pc=0x00f09e69)
0x00f09e49:   38 0b 74 27 83 c4 f4 68 e0 9b f0 00 e8 d2 27 00
0x00f09e59:   00 83 c4 10 8b 85 44 fe ff ff 8b 95 4c fe ff ff
0x00f09e69:   89 50 08 b8 ff ff ff ff eb 5d 90 8b 85 44 fe ff
0x00f09e79:   ff 8b 95 4c fe ff ff 89 50 08 b8 ff ff ff ff eb 


Register to memory mapping:

EAX=0x1cf2f418 is an unknown value
EBX=0x5d91bef0 is an unknown value
ECX=0x0000000e is an unknown value
EDX=0x00000000 is an unknown value
ESP=0x1cfdf160 is pointing into the stack for thread: 0x194e4800
EBP=0x1cfdf348 is pointing into the stack for thread: 0x194e4800
ESI=0x148afc58 is an oop
{constMethod} 
 - klass: {other class}
 - method:       0x148afc60 {method} 'readArray' '([BII)I' in 'gnu/io/RXTXPort'
 - exceptions:   0x14691128
EDI=0x194e4800 is a thread


Stack: [0x1cf90000,0x1cfe0000],  sp=0x1cfdf160,  free space=316k
Native frames: (J=compiled Java code, j=interpreted, Vv=VM code, C=native code)
C  [rxtxSerial.dll+0x9e69]  Java_gnu_io_RXTXPort_nativeSetEndOfInputChar+0x3a9
C  [rxtxSerial.dll+0xa20b]  Java_gnu_io_RXTXPort_readArray+0xc3
j  gnu.io.RXTXPort.readArray([BII)I+0
j  gnu.io.RXTXPort$SerialInputStream.read([BII)I+187
j  gnu.io.RXTXPort$SerialInputStream.read([B)I+38
j  SerialReader.run()V+32
j  java.lang.Thread.run()V+11
v  ~StubRoutines::call_stub
V  [jvm.dll+0x12a34a]
V  [jvm.dll+0x1d968e]
V  [jvm.dll+0x12a533]
V  [jvm.dll+0x12a597]
V  [jvm.dll+0xd306f]
V  [jvm.dll+0x14a647]
V  [jvm.dll+0x14a7b0]
V  [jvm.dll+0x17ee89]
C  [msvcr100.dll+0x5c6de]  endthreadex+0x3a
C  [msvcr100.dll+0x5c788]  endthreadex+0xe4
C  [kernel32.dll+0x13677]  BaseThreadInitThunk+0x12
C  [ntdll.dll+0x39d72]  RtlInitializeExceptionChain+0x63
C  [ntdll.dll+0x39d45]  RtlInitializeExceptionChain+0x36

Java frames: (J=compiled Java code, j=interpreted, Vv=VM code)
j  gnu.io.RXTXPort.readArray([BII)I+0
j  gnu.io.RXTXPort$SerialInputStream.read([BII)I+187
j  gnu.io.RXTXPort$SerialInputStream.read([B)I+38
j  SerialReader.run()V+32
j  java.lang.Thread.run()V+11
v  ~StubRoutines::call_stub

---------------  P R O C E S S  ---------------

Java Threads: ( => current thread )
  0x194f4800 JavaThread "Image Fetcher 0" daemon [_thread_blocked, id=11812, stack(0x1d390000,0x1d3e0000)]
  0x194ed400 JavaThread "Thread-4" [_thread_blocked, id=4572, stack(0x1bcf0000,0x1bd40000)]
=>0x194e4800 JavaThread "Thread-3" [_thread_in_native, id=9984, stack(0x1cf90000,0x1cfe0000)]
  0x00fdb400 JavaThread "DestroyJavaVM" [_thread_blocked, id=8068, stack(0x00a50000,0x00aa0000)]
  0x194d0000 JavaThread "D3D Screen Updater" daemon [_thread_blocked, id=10132, stack(0x1bc90000,0x1bce0000)]
  0x19448000 JavaThread "AWT-EventQueue-0" [_thread_blocked, id=8648, stack(0x1be10000,0x1be60000)]
  0x1883d800 JavaThread "AWT-Windows" daemon [_thread_in_native, id=5384, stack(0x18f80000,0x18fd0000)]
  0x1883d000 JavaThread "AWT-Shutdown" [_thread_blocked, id=7692, stack(0x18db0000,0x18e00000)]
  0x1883ac00 JavaThread "Java2D Disposer" daemon [_thread_blocked, id=5940, stack(0x18bc0000,0x18c10000)]
  0x18723000 JavaThread "Service Thread" daemon [_thread_blocked, id=9568, stack(0x01110000,0x01160000)]
  0x1870c000 JavaThread "C1 CompilerThread0" daemon [_thread_blocked, id=1448, stack(0x18aa0000,0x18af0000)]
  0x18708c00 JavaThread "Attach Listener" daemon [_thread_blocked, id=9436, stack(0x18a50000,0x18aa0000)]
  0x18705c00 JavaThread "Signal Dispatcher" daemon [_thread_blocked, id=7396, stack(0x188f0000,0x18940000)]
  0x1869fc00 JavaThread "Finalizer" daemon [_thread_blocked, id=10592, stack(0x00eb0000,0x00f00000)]
  0x1869ac00 JavaThread "Reference Handler" daemon [_thread_blocked, id=1688, stack(0x188a0000,0x188f0000)]

Other Threads:
  0x18696800 VMThread [stack: 0x01040000,0x01090000] [id=6660]
  0x18734800 WatcherThread [stack: 0x18cf0000,0x18d40000] [id=4848]

VM state:not at safepoint (normal execution)

VM Mutex/Monitor currently owned by a thread: None

Heap
 def new generation   total 4928K, used 4105K [0x04690000, 0x04be0000, 0x09be0000)
  eden space 4416K,  92% used [0x04690000, 0x04a92480, 0x04ae0000)
  from space 512K,   0% used [0x04ae0000, 0x04ae0000, 0x04b60000)
  to   space 512K,   0% used [0x04b60000, 0x04b60000, 0x04be0000)
 tenured generation   total 10944K, used 0K [0x09be0000, 0x0a690000, 0x14690000)
   the space 10944K,   0% used [0x09be0000, 0x09be0000, 0x09be0200, 0x0a690000)
 compacting perm gen  total 12288K, used 7362K [0x14690000, 0x15290000, 0x18690000)
   the space 12288K,  59% used [0x14690000, 0x14dc08c0, 0x14dc0a00, 0x15290000)
No shared spaces configured.

Card table byte_map: [0x00aa0000,0x00b50000] byte_map_base: 0x00a7cb80

Polling page: 0x00130000

Code Cache  [0x02690000, 0x02768000, 0x04690000)
 total_blobs=391 nmethods=172 adapters=154 free_code_cache=31904Kb largest_free_block=32669696

Compilation events (10 events):
Event: 9.661 Thread 0x1870c000  157             sun.java2d.SurfaceData::isSurfaceLost (5 bytes)
Event: 9.661 Thread 0x1870c000 nmethod 157 0x02762f08 code [0x02763000, 0x02763080]
Event: 9.673 Thread 0x1870c000  158             java.util.HashMap::clear (39 bytes)
Event: 9.673 Thread 0x1870c000 nmethod 158 0x027630c8 code [0x027631c0, 0x02763290]
Event: 9.713 Thread 0x1870c000  159             sun.java2d.pipe.RenderBuffer::remaining (11 bytes)
Event: 9.714 Thread 0x1870c000 nmethod 159 0x02763348 code [0x02763440, 0x027634d0]
Event: 9.737 Thread 0x1870c000  160             java.awt.Component::getPeer (5 bytes)
Event: 9.737 Thread 0x1870c000 nmethod 160 0x02763508 code [0x02763600, 0x02763680]
Event: 9.737 Thread 0x1870c000  161             sun.java2d.pipe.RenderQueue::ensureCapacity (16 bytes)
Event: 9.737 Thread 0x1870c000 nmethod 161 0x027636c8 code [0x027637d0, 0x0276388c]

GC Heap History (0 events):
No events

Deoptimization events (0 events):
No events

Internal exceptions (10 events):
Event: 2.598 Thread 0x00fdb400 Threw 0x0495efe0 at C:\jdk7u2_32P\jdk7u13_2932_new\hotspot\src\share\vm\prims\jvm.cpp:1166
Event: 2.599 Thread 0x00fdb400 Threw 0x04960670 at C:\jdk7u2_32P\jdk7u13_2932_new\hotspot\src\share\vm\prims\jvm.cpp:1166
Event: 2.599 Thread 0x00fdb400 Threw 0x04961708 at C:\jdk7u2_32P\jdk7u13_2932_new\hotspot\src\share\vm\prims\jvm.cpp:1166
Event: 2.612 Thread 0x00fdb400 Threw 0x0496ed70 at C:\jdk7u2_32P\jdk7u13_2932_new\hotspot\src\share\vm\prims\jvm.cpp:1166
Event: 3.863 Thread 0x19448000 Threw 0x04998298 at C:\jdk7u2_32P\jdk7u13_2932_new\hotspot\src\share\vm\prims\jvm.cpp:1166
Event: 3.890 Thread 0x19448000 Threw 0x049c12d0 at C:\jdk7u2_32P\jdk7u13_2932_new\hotspot\src\share\vm\prims\jvm.cpp:1166
Event: 7.892 Thread 0x194ed400 Threw 0x049f7eb0 at C:\jdk7u2_32P\jdk7u13_2932_new\hotspot\src\share\vm\prims\jni.cpp:742
Event: 9.597 Thread 0x19448000 Threw 0x04a234f8 at C:\jdk7u2_32P\jdk7u13_2932_new\hotspot\src\share\vm\prims\jni.cpp:742
Event: 9.647 Thread 0x19448000 Threw 0x04a34e70 at C:\jdk7u2_32P\jdk7u13_2932_new\hotspot\src\share\vm\prims\jni.cpp:742
Event: 9.897 Thread 0x194ed400 JVM_StopThread thread JavaThread 0x00000000 as oop 0x049f8730 [exception 0x1bd3fa0c]

Events (10 events):
Event: 3.891 Thread 0x194e4800 Thread added: 0x194e4800
Event: 3.892 Thread 0x194ed400 Thread added: 0x194ed400
Event: 4.083 Executing VM operation: EnableBiasedLocking
Event: 4.083 Executing VM operation: EnableBiasedLocking done
Event: 9.597 loading class 0x004cbf60
Event: 9.597 loading class 0x004cc020
Event: 9.597 loading class 0x004cc020 done
Event: 9.597 loading class 0x004cbf60 done
Event: 9.896 Thread 0x194eec00 Thread exited: 0x194eec00
Event: 9.897 loading class 0x1885dd10


Dynamic libraries:
0x01260000 - 0x0128f000 	C:\Program Files (x86)\Java\jdk1.7.0_13\bin\javaw.exe
0x77bf0000 - 0x77d70000 	C:\Windows\SysWOW64\ntdll.dll
0x76dc0000 - 0x76ec0000 	C:\Windows\syswow64\kernel32.dll
0x76cd0000 - 0x76d16000 	C:\Windows\syswow64\KERNELBASE.dll
0x76bf0000 - 0x76c90000 	C:\Windows\syswow64\ADVAPI32.dll
0x772a0000 - 0x7734c000 	C:\Windows\syswow64\msvcrt.dll
0x76ae0000 - 0x76af9000 	C:\Windows\SysWOW64\sechost.dll
0x76b00000 - 0x76bf0000 	C:\Windows\syswow64\RPCRT4.dll
0x75760000 - 0x757c0000 	C:\Windows\syswow64\SspiCli.dll
0x75750000 - 0x7575c000 	C:\Windows\syswow64\CRYPTBASE.dll
0x757c0000 - 0x758c0000 	C:\Windows\syswow64\USER32.dll
0x76ed0000 - 0x76f60000 	C:\Windows\syswow64\GDI32.dll
0x76ec0000 - 0x76eca000 	C:\Windows\syswow64\LPK.dll
0x774c0000 - 0x7755d000 	C:\Windows\syswow64\USP10.dll
0x71f00000 - 0x7209e000 	C:\Windows\WinSxS\x86_microsoft.windows.common-controls_6595b64144ccf1df_6.0.7600.16385_none_421189da2b7fabfc\COMCTL32.dll
0x75a90000 - 0x75ae7000 	C:\Windows\syswow64\SHLWAPI.dll
0x75b20000 - 0x75b80000 	C:\Windows\system32\IMM32.DLL
0x77620000 - 0x776ec000 	C:\Windows\syswow64\MSCTF.dll
0x6ba00000 - 0x6babe000 	C:\Program Files (x86)\Java\jdk1.7.0_13\jre\bin\msvcr100.dll
0x5d870000 - 0x5dbbd000 	C:\Program Files (x86)\Java\jdk1.7.0_13\jre\bin\client\jvm.dll
0x703e0000 - 0x703e7000 	C:\Windows\system32\WSOCK32.dll
0x76c90000 - 0x76cc5000 	C:\Windows\syswow64\WS2_32.dll
0x76d20000 - 0x76d26000 	C:\Windows\syswow64\NSI.dll
0x714a0000 - 0x714d2000 	C:\Windows\system32\WINMM.dll
0x767d0000 - 0x767d5000 	C:\Windows\syswow64\PSAPI.DLL
0x6bb70000 - 0x6bb7c000 	C:\Program Files (x86)\Java\jdk1.7.0_13\jre\bin\verify.dll
0x6bb50000 - 0x6bb70000 	C:\Program Files (x86)\Java\jdk1.7.0_13\jre\bin\java.dll
0x6bb30000 - 0x6bb43000 	C:\Program Files (x86)\Java\jdk1.7.0_13\jre\bin\zip.dll
0x00f00000 - 0x00f12000 	C:\Program Files (x86)\Java\jdk1.7.0_13\jre\bin\rxtxSerial.dll
0x6c240000 - 0x6c267000 	C:\Windows\system32\crtdll.dll
0x5cc40000 - 0x5cd82000 	C:\Program Files (x86)\Java\jdk1.7.0_13\jre\bin\awt.dll
0x76a50000 - 0x76adf000 	C:\Windows\syswow64\OLEAUT32.dll
0x77350000 - 0x774ac000 	C:\Windows\syswow64\ole32.dll
0x6d2c0000 - 0x6d340000 	C:\Windows\system32\uxtheme.dll
0x6d2a0000 - 0x6d2b3000 	C:\Windows\system32\dwmapi.dll
0x75b80000 - 0x767c9000 	C:\Windows\syswow64\SHELL32.dll
0x60460000 - 0x6048a000 	C:\Program Files (x86)\Java\jdk1.7.0_13\jre\bin\fontmanager.dll
0x6bd80000 - 0x6bf43000 	C:\Windows\system32\d3d9.dll
0x722b0000 - 0x722b9000 	C:\Windows\system32\VERSION.dll
0x756e0000 - 0x756e6000 	C:\Windows\system32\d3d8thk.dll
0x60c00000 - 0x60c08000 	C:\Windows\system32\atiu9pag.dll
0x60870000 - 0x60be6000 	C:\Windows\system32\atiumdag.dll
0x60570000 - 0x6084f000 	C:\Windows\system32\atiumdva.dll
0x746e0000 - 0x746f4000 	C:\Program Files (x86)\Java\jdk1.7.0_13\jre\bin\net.dll
0x18ca0000 - 0x18cd3000 	C:\Windows\system32\idmmbc.dll
0x714e0000 - 0x7151c000 	C:\Windows\system32\mswsock.dll
0x6e880000 - 0x6e886000 	C:\Windows\System32\wship6.dll
0x749c0000 - 0x749ce000 	C:\Program Files (x86)\Java\jdk1.7.0_13\jre\bin\nio.dll
0x5dc20000 - 0x5dc51000 	C:\Program Files (x86)\Java\jdk1.7.0_13\jre\bin\t2k.dll
0x004f0000 - 0x004f7000 	C:\Program Files (x86)\Internet Download Manager\idmmkb.dll
0x6ee30000 - 0x6ef1b000 	C:\Windows\system32\dbghelp.dll

VM Arguments:
jvm_args: -Dfile.encoding=Cp1256 
java_command: MainClass
Launcher Type: SUN_STANDARD

Environment Variables:
CLASSPATH=.;C:\Program Files (x86)\Java\jre7\lib\ext\QTJava.zip
PATH=C:\Program Files (x86)\CSR\BlueSuite 2.4\DFU Tools;C:\Program Files\Common Files\Microsoft Shared\Windows Live;C:\Windows\system32;C:\Windows;C:\Windows\System32\Wbem;C:\Windows\System32\WindowsPowerShell\v1.0\;C:\Program Files (x86)\ATI Technologies\ATI.ACE\Core-Static;C:\Program Files\WIDCOMM\Bluetooth Software\;C:\Program Files\WIDCOMM\Bluetooth Software\syswow64;C:\Users\Ahmed\Desktop\android-sdk-windows\tools\;C:\Users\Ahmed\Desktop\android-sdk-windows\android-ndk-r8d\;C:\Users\Ahmed\Desktop\android-sdk-windows\android-ndk-r8d\samples\Androlirc-master\jni;C:\Program Files (x86)\Git\cmd;C:\Program Files (x86)\QuickTime\QTSystem\;C:\Program Files (x86)\SlikSvn\bin;C:\Program Files (x86)\Subversion\bin;C:\Cadence\SPB_15.5\tools\PSpice\Library;C:\Cadence\SPB_15.5\tools\Capture;C:\Cadence\SPB_15.5\tools\bin;C:\Cadence\SPB_15.5\tools\pcb\bin;C:\Cadence\SPB_15.5\tools\specctra\bin;C:\Cadence\SPB_15.5\tools\libutil\bin;C:\Cadence\SPB_15.5\tools\fet\bin;C:\Program Files (x86)\IVI Foundation\VISA\WinNT\Bin;C:\Program Files\Common Files\Microsoft Shared\Windows Live;H:\ndk\android-ndk-r8d;C:\cygwin\bin;C:\Program Files\Java\jdk1.7.0_45;
USERNAME=Ahmed
OS=Windows_NT
PROCESSOR_IDENTIFIER=Intel64 Family 6 Model 37 Stepping 5, GenuineIntel



---------------  S Y S T E M  ---------------

OS: Windows 7 , 64 bit Build 7600 

CPU:total 4 (2 cores per cpu, 2 threads per core) family 6 model 37 stepping 5, cmov, cx8, fxsr, mmx, sse, sse2, sse3, ssse3, sse4.1, sse4.2, popcnt, ht, tsc, tscinvbit

Memory: 4k page, physical 3987312k(1939148k free), swap 7972728k(4794824k free)

vm_info: Java HotSpot(TM) Client VM (23.7-b01) for windows-x86 JRE (1.7.0_13-b20), built on Jan 30 2013 10:03:58 by "java_re" with unknown MS VC++:1600

time: Tue Dec 17 21:33:32 2013
elapsed time: 9 seconds

