#
# A fatal error has been detected by the Java Runtime Environment:
#
#  EXCEPTION_ACCESS_VIOLATION (0xc0000005) at pc=0x00689e69, pid=12172, tid=7300
#
# JRE version: 7.0_13-b20
# Java VM: Java HotSpot(TM) Client VM (23.7-b01 mixed mode windows-x86 )
# Problematic frame:
# C  [rxtxSerial.dll+0x9e69]  Java_gnu_io_RXTXPort_nativeSetEndOfInputChar+0x3a9
#
# Failed to write core dump. Minidumps are not enabled by default on client versions of Windows
#
# If you would like to submit a bug report, please visit:
#   http://bugreport.sun.com/bugreport/crash.jsp
# The crash happened outside the Java Virtual Machine in native code.
# See problematic frame for where to report the bug.
#

---------------  T H R E A D  ---------------

Current thread (0x1983d800):  JavaThread "Thread-3" [_thread_in_native, id=7300, stack(0x1d0e0000,0x1d130000)]

siginfo: ExceptionCode=0xc0000005, writing address 0x1bfbf310

Registers:
EAX=0x1bfbf308, EBX=0x5d91bef0, ECX=0x0000000e, EDX=0x00000000
ESP=0x1d12f1a0, EBP=0x1d12f388, ESI=0x148afc30, EDI=0x1983d800
EIP=0x00689e69, EFLAGS=0x00010206

Top of Stack: (sp=0x1d12f1a0)
0x1d12f1a0:   5d91bef0 00189988 00000000 00000001
0x1d12f1b0:   00f49180 00189988 00189988 00f99cd8
0x1d12f1c0:   00000001 00189fa0 00fa7500 1bfbf308
0x1d12f1d0:   00000003 00000000 00000001 00000001
0x1d12f1e0:   00000081 00180000 1983e168 1d12f2c8
0x1d12f1f0:   77c23af4 77c23b23 68c2af75 00000400
0x1d12f200:   0018344c 00180000 00fa7520 00000000
0x1d12f210:   00183330 ffffffff 00180000 1983e168 

Instructions: (pc=0x00689e69)
0x00689e49:   38 0b 74 27 83 c4 f4 68 e0 9b 68 00 e8 d2 27 00
0x00689e59:   00 83 c4 10 8b 85 44 fe ff ff 8b 95 4c fe ff ff
0x00689e69:   89 50 08 b8 ff ff ff ff eb 5d 90 8b 85 44 fe ff
0x00689e79:   ff 8b 95 4c fe ff ff 89 50 08 b8 ff ff ff ff eb 


Register to memory mapping:

EAX=0x1bfbf308 is an unknown value
EBX=0x5d91bef0 is an unknown value
ECX=0x0000000e is an unknown value
EDX=0x00000000 is an unknown value
ESP=0x1d12f1a0 is pointing into the stack for thread: 0x1983d800
EBP=0x1d12f388 is pointing into the stack for thread: 0x1983d800
ESI=0x148afc30 is an oop
{constMethod} 
 - klass: {other class}
 - method:       0x148afc38 {method} 'readArray' '([BII)I' in 'gnu/io/RXTXPort'
 - exceptions:   0x14691128
EDI=0x1983d800 is a thread


Stack: [0x1d0e0000,0x1d130000],  sp=0x1d12f1a0,  free space=316k
Native frames: (J=compiled Java code, j=interpreted, Vv=VM code, C=native code)
C  [rxtxSerial.dll+0x9e69]  Java_gnu_io_RXTXPort_nativeSetEndOfInputChar+0x3a9
C  [rxtxSerial.dll+0xa20b]  Java_gnu_io_RXTXPort_readArray+0xc3
j  gnu.io.RXTXPort.readArray([BII)I+0
j  gnu.io.RXTXPort$SerialInputStream.read([BII)I+187
j  gnu.io.RXTXPort$SerialInputStream.read([B)I+38
j  SerialReader.run()V+32
j  java.lang.Thread.run()V+11
v  ~StubRoutines::call_stub
V  [jvm.dll+0x12a34a]
V  [jvm.dll+0x1d968e]
V  [jvm.dll+0x12a533]
V  [jvm.dll+0x12a597]
V  [jvm.dll+0xd306f]
V  [jvm.dll+0x14a647]
V  [jvm.dll+0x14a7b0]
V  [jvm.dll+0x17ee89]
C  [msvcr100.dll+0x5c6de]  endthreadex+0x3a
C  [msvcr100.dll+0x5c788]  endthreadex+0xe4
C  [kernel32.dll+0x13677]  BaseThreadInitThunk+0x12
C  [ntdll.dll+0x39d72]  RtlInitializeExceptionChain+0x63
C  [ntdll.dll+0x39d45]  RtlInitializeExceptionChain+0x36

Java frames: (J=compiled Java code, j=interpreted, Vv=VM code)
j  gnu.io.RXTXPort.readArray([BII)I+0
j  gnu.io.RXTXPort$SerialInputStream.read([BII)I+187
j  gnu.io.RXTXPort$SerialInputStream.read([B)I+38
j  SerialReader.run()V+32
j  java.lang.Thread.run()V+11
v  ~StubRoutines::call_stub

---------------  P R O C E S S  ---------------

Java Threads: ( => current thread )
  0x19842000 JavaThread "TimerQueue" daemon [_thread_blocked, id=4548, stack(0x1d480000,0x1d4d0000)]
  0x1983dc00 JavaThread "Thread-4" [_thread_blocked, id=4512, stack(0x1d210000,0x1d260000)]
=>0x1983d800 JavaThread "Thread-3" [_thread_in_native, id=7300, stack(0x1d0e0000,0x1d130000)]
  0x0018b400 JavaThread "DestroyJavaVM" [_thread_blocked, id=6876, stack(0x00340000,0x00390000)]
  0x197df800 JavaThread "D3D Screen Updater" daemon [_thread_blocked, id=7328, stack(0x1c0a0000,0x1c0f0000)]
  0x19799c00 JavaThread "AWT-EventQueue-0" [_thread_blocked, id=9984, stack(0x1b170000,0x1b1c0000)]
  0x010cc000 JavaThread "AWT-Windows" daemon [_thread_in_native, id=10772, stack(0x190e0000,0x19130000)]
  0x010cb800 JavaThread "AWT-Shutdown" [_thread_blocked, id=11540, stack(0x19010000,0x19060000)]
  0x010c9000 JavaThread "Java2D Disposer" daemon [_thread_blocked, id=3656, stack(0x18eb0000,0x18f00000)]
  0x00fb0800 JavaThread "Service Thread" daemon [_thread_blocked, id=5920, stack(0x18830000,0x18880000)]
  0x00fac000 JavaThread "C1 CompilerThread0" daemon [_thread_blocked, id=9932, stack(0x18c00000,0x18c50000)]
  0x00fa8c00 JavaThread "Attach Listener" daemon [_thread_blocked, id=9592, stack(0x18af0000,0x18b40000)]
  0x00fa5c00 JavaThread "Signal Dispatcher" daemon [_thread_blocked, id=7996, stack(0x18780000,0x187d0000)]
  0x00f3fc00 JavaThread "Finalizer" daemon [_thread_blocked, id=10016, stack(0x18910000,0x18960000)]
  0x00f3ac00 JavaThread "Reference Handler" daemon [_thread_blocked, id=8908, stack(0x18890000,0x188e0000)]

Other Threads:
  0x00f36800 VMThread [stack: 0x01160000,0x011b0000] [id=4532]
  0x00fca400 WatcherThread [stack: 0x18ba0000,0x18bf0000] [id=6020]

VM state:not at safepoint (normal execution)

VM Mutex/Monitor currently owned by a thread: None

Heap
 def new generation   total 4928K, used 4416K [0x04690000, 0x04be0000, 0x09be0000)
  eden space 4416K, 100% used [0x04690000, 0x04ae0000, 0x04ae0000)
  from space 512K,   0% used [0x04ae0000, 0x04ae0000, 0x04b60000)
  to   space 512K,   0% used [0x04b60000, 0x04b60000, 0x04be0000)
 tenured generation   total 10944K, used 0K [0x09be0000, 0x0a690000, 0x14690000)
   the space 10944K,   0% used [0x09be0000, 0x09be0000, 0x09be0200, 0x0a690000)
 compacting perm gen  total 12288K, used 7389K [0x14690000, 0x15290000, 0x18690000)
   the space 12288K,  60% used [0x14690000, 0x14dc7538, 0x14dc7600, 0x15290000)
No shared spaces configured.

Card table byte_map: [0x00e80000,0x00f30000] byte_map_base: 0x00e5cb80

Polling page: 0x00170000

Code Cache  [0x02690000, 0x02770000, 0x04690000)
 total_blobs=431 nmethods=212 adapters=154 free_code_cache=31879Kb largest_free_block=32644608

Compilation events (10 events):
Event: 8.962 Thread 0x00fac000  184             java.awt.Component::getFont_NoClientCode (29 bytes)
Event: 8.962 Thread 0x00fac000 nmethod 184 0x02767688 code [0x02767790, 0x0276787c]
Event: 12.566 Thread 0x00fac000  186             java.lang.ref.Reference::get (5 bytes)
Event: 12.566 Thread 0x00fac000 nmethod 186 0x02767bc8 code [0x02767cc0, 0x02767d40]
Event: 13.009 Thread 0x00fac000  187  s          java.awt.KeyboardFocusManager::getCurrentKeyboardFocusManager (34 bytes)
Event: 13.010 Thread 0x00fac000 nmethod 187 0x02767d88 code [0x02767eb0, 0x02768144]
Event: 13.010 Thread 0x00fac000  188             java.awt.KeyboardFocusManager::getCurrentKeyboardFocusManager (7 bytes)
Event: 13.011 Thread 0x00fac000 nmethod 188 0x02768288 code [0x027683c0, 0x027686a0]
Event: 13.033 Thread 0x00fac000  189             java.awt.Component::getObjectLock (5 bytes)
Event: 13.033 Thread 0x00fac000 nmethod 189 0x02768908 code [0x02768a00, 0x02768a80]

GC Heap History (0 events):
No events

Deoptimization events (0 events):
No events

Internal exceptions (10 events):
Event: 1.680 Thread 0x0018b400 Threw 0x04930178 at C:\jdk7u2_32P\jdk7u13_2932_new\hotspot\src\share\vm\prims\jvm.cpp:1166
Event: 1.681 Thread 0x0018b400 Threw 0x0495d620 at C:\jdk7u2_32P\jdk7u13_2932_new\hotspot\src\share\vm\prims\jvm.cpp:1166
Event: 1.681 Thread 0x0018b400 Threw 0x0495ece0 at C:\jdk7u2_32P\jdk7u13_2932_new\hotspot\src\share\vm\prims\jvm.cpp:1166
Event: 1.682 Thread 0x0018b400 Threw 0x04960370 at C:\jdk7u2_32P\jdk7u13_2932_new\hotspot\src\share\vm\prims\jvm.cpp:1166
Event: 1.682 Thread 0x0018b400 Threw 0x04961408 at C:\jdk7u2_32P\jdk7u13_2932_new\hotspot\src\share\vm\prims\jvm.cpp:1166
Event: 1.695 Thread 0x0018b400 Threw 0x0496ea70 at C:\jdk7u2_32P\jdk7u13_2932_new\hotspot\src\share\vm\prims\jvm.cpp:1166
Event: 3.390 Thread 0x19799c00 Threw 0x0499bac8 at C:\jdk7u2_32P\jdk7u13_2932_new\hotspot\src\share\vm\prims\jvm.cpp:1166
Event: 3.416 Thread 0x19799c00 Threw 0x049c4b18 at C:\jdk7u2_32P\jdk7u13_2932_new\hotspot\src\share\vm\prims\jvm.cpp:1166
Event: 8.920 Thread 0x1983dc00 Threw 0x049f7be8 at C:\jdk7u2_32P\jdk7u13_2932_new\hotspot\src\share\vm\prims\jni.cpp:742
Event: 14.522 Thread 0x1983dc00 Threw 0x04a6a730 at C:\jdk7u2_32P\jdk7u13_2932_new\hotspot\src\share\vm\prims\jni.cpp:716

Events (10 events):
Event: 13.010 Executing VM operation: RevokeBias
Event: 13.010 Executing VM operation: RevokeBias done
Event: 13.010 Executing VM operation: RevokeBias
Event: 13.010 Executing VM operation: RevokeBias done
Event: 13.010 Executing VM operation: RevokeBias
Event: 13.010 Executing VM operation: RevokeBias done
Event: 13.933 Executing VM operation: RevokeBias
Event: 13.933 Executing VM operation: RevokeBias done
Event: 13.933 Thread 0x19846800 Thread exited: 0x19846800
Event: 14.521 Thread 0x19834800 Thread exited: 0x19834800


Dynamic libraries:
0x01260000 - 0x0128f000 	C:\Program Files (x86)\Java\jdk1.7.0_13\bin\javaw.exe
0x77bf0000 - 0x77d70000 	C:\Windows\SysWOW64\ntdll.dll
0x76dc0000 - 0x76ec0000 	C:\Windows\syswow64\kernel32.dll
0x76cd0000 - 0x76d16000 	C:\Windows\syswow64\KERNELBASE.dll
0x76bf0000 - 0x76c90000 	C:\Windows\syswow64\ADVAPI32.dll
0x772a0000 - 0x7734c000 	C:\Windows\syswow64\msvcrt.dll
0x76ae0000 - 0x76af9000 	C:\Windows\SysWOW64\sechost.dll
0x76b00000 - 0x76bf0000 	C:\Windows\syswow64\RPCRT4.dll
0x75760000 - 0x757c0000 	C:\Windows\syswow64\SspiCli.dll
0x75750000 - 0x7575c000 	C:\Windows\syswow64\CRYPTBASE.dll
0x757c0000 - 0x758c0000 	C:\Windows\syswow64\USER32.dll
0x76ed0000 - 0x76f60000 	C:\Windows\syswow64\GDI32.dll
0x76ec0000 - 0x76eca000 	C:\Windows\syswow64\LPK.dll
0x774c0000 - 0x7755d000 	C:\Windows\syswow64\USP10.dll
0x71f00000 - 0x7209e000 	C:\Windows\WinSxS\x86_microsoft.windows.common-controls_6595b64144ccf1df_6.0.7600.16385_none_421189da2b7fabfc\COMCTL32.dll
0x75a90000 - 0x75ae7000 	C:\Windows\syswow64\SHLWAPI.dll
0x75b20000 - 0x75b80000 	C:\Windows\system32\IMM32.DLL
0x77620000 - 0x776ec000 	C:\Windows\syswow64\MSCTF.dll
0x6ba00000 - 0x6babe000 	C:\Program Files (x86)\Java\jdk1.7.0_13\jre\bin\msvcr100.dll
0x5d870000 - 0x5dbbd000 	C:\Program Files (x86)\Java\jdk1.7.0_13\jre\bin\client\jvm.dll
0x703e0000 - 0x703e7000 	C:\Windows\system32\WSOCK32.dll
0x76c90000 - 0x76cc5000 	C:\Windows\syswow64\WS2_32.dll
0x76d20000 - 0x76d26000 	C:\Windows\syswow64\NSI.dll
0x714a0000 - 0x714d2000 	C:\Windows\system32\WINMM.dll
0x767d0000 - 0x767d5000 	C:\Windows\syswow64\PSAPI.DLL
0x6bb70000 - 0x6bb7c000 	C:\Program Files (x86)\Java\jdk1.7.0_13\jre\bin\verify.dll
0x6bb50000 - 0x6bb70000 	C:\Program Files (x86)\Java\jdk1.7.0_13\jre\bin\java.dll
0x6bb30000 - 0x6bb43000 	C:\Program Files (x86)\Java\jdk1.7.0_13\jre\bin\zip.dll
0x00680000 - 0x00692000 	C:\Program Files (x86)\Java\jdk1.7.0_13\jre\bin\rxtxSerial.dll
0x6c240000 - 0x6c267000 	C:\Windows\system32\crtdll.dll
0x5cd90000 - 0x5ced2000 	C:\Program Files (x86)\Java\jdk1.7.0_13\jre\bin\awt.dll
0x76a50000 - 0x76adf000 	C:\Windows\syswow64\OLEAUT32.dll
0x77350000 - 0x774ac000 	C:\Windows\syswow64\ole32.dll
0x6d2c0000 - 0x6d340000 	C:\Windows\system32\uxtheme.dll
0x6d2a0000 - 0x6d2b3000 	C:\Windows\system32\dwmapi.dll
0x75b80000 - 0x767c9000 	C:\Windows\syswow64\SHELL32.dll
0x64760000 - 0x6478a000 	C:\Program Files (x86)\Java\jdk1.7.0_13\jre\bin\fontmanager.dll
0x6bd80000 - 0x6bf43000 	C:\Windows\system32\d3d9.dll
0x722b0000 - 0x722b9000 	C:\Windows\system32\VERSION.dll
0x756e0000 - 0x756e6000 	C:\Windows\system32\d3d8thk.dll
0x60c00000 - 0x60c08000 	C:\Windows\system32\atiu9pag.dll
0x60870000 - 0x60be6000 	C:\Windows\system32\atiumdag.dll
0x60570000 - 0x6084f000 	C:\Windows\system32\atiumdva.dll
0x746e0000 - 0x746f4000 	C:\Program Files (x86)\Java\jdk1.7.0_13\jre\bin\net.dll
0x18960000 - 0x18993000 	C:\Windows\system32\idmmbc.dll
0x714e0000 - 0x7151c000 	C:\Windows\system32\mswsock.dll
0x6e880000 - 0x6e886000 	C:\Windows\System32\wship6.dll
0x749c0000 - 0x749ce000 	C:\Program Files (x86)\Java\jdk1.7.0_13\jre\bin\nio.dll
0x5ff10000 - 0x5ff41000 	C:\Program Files (x86)\Java\jdk1.7.0_13\jre\bin\t2k.dll
0x002b0000 - 0x002b7000 	C:\Program Files (x86)\Internet Download Manager\idmmkb.dll
0x6ee30000 - 0x6ef1b000 	C:\Windows\system32\dbghelp.dll

VM Arguments:
jvm_args: -Dfile.encoding=Cp1256 
java_command: MainClass
Launcher Type: SUN_STANDARD

Environment Variables:
CLASSPATH=.;C:\Program Files (x86)\Java\jre7\lib\ext\QTJava.zip
PATH=C:\Program Files (x86)\CSR\BlueSuite 2.4\DFU Tools;C:\Program Files\Common Files\Microsoft Shared\Windows Live;C:\Windows\system32;C:\Windows;C:\Windows\System32\Wbem;C:\Windows\System32\WindowsPowerShell\v1.0\;C:\Program Files (x86)\ATI Technologies\ATI.ACE\Core-Static;C:\Program Files\WIDCOMM\Bluetooth Software\;C:\Program Files\WIDCOMM\Bluetooth Software\syswow64;C:\Users\Ahmed\Desktop\android-sdk-windows\tools\;C:\Users\Ahmed\Desktop\android-sdk-windows\android-ndk-r8d\;C:\Users\Ahmed\Desktop\android-sdk-windows\android-ndk-r8d\samples\Androlirc-master\jni;C:\Program Files (x86)\Git\cmd;C:\Program Files (x86)\QuickTime\QTSystem\;C:\Program Files (x86)\SlikSvn\bin;C:\Program Files (x86)\Subversion\bin;C:\Cadence\SPB_15.5\tools\PSpice\Library;C:\Cadence\SPB_15.5\tools\Capture;C:\Cadence\SPB_15.5\tools\bin;C:\Cadence\SPB_15.5\tools\pcb\bin;C:\Cadence\SPB_15.5\tools\specctra\bin;C:\Cadence\SPB_15.5\tools\libutil\bin;C:\Cadence\SPB_15.5\tools\fet\bin;C:\Program Files (x86)\IVI Foundation\VISA\WinNT\Bin;C:\Program Files\Common Files\Microsoft Shared\Windows Live;H:\ndk\android-ndk-r8d;C:\cygwin\bin;C:\Program Files\Java\jdk1.7.0_45;
USERNAME=Ahmed
OS=Windows_NT
PROCESSOR_IDENTIFIER=Intel64 Family 6 Model 37 Stepping 5, GenuineIntel



---------------  S Y S T E M  ---------------

OS: Windows 7 , 64 bit Build 7600 

CPU:total 4 (2 cores per cpu, 2 threads per core) family 6 model 37 stepping 5, cmov, cx8, fxsr, mmx, sse, sse2, sse3, ssse3, sse4.1, sse4.2, popcnt, ht, tsc, tscinvbit

Memory: 4k page, physical 3987312k(1918464k free), swap 7972728k(4762156k free)

vm_info: Java HotSpot(TM) Client VM (23.7-b01) for windows-x86 JRE (1.7.0_13-b20), built on Jan 30 2013 10:03:58 by "java_re" with unknown MS VC++:1600

time: Tue Dec 17 21:55:37 2013
elapsed time: 14 seconds

