#
# A fatal error has been detected by the Java Runtime Environment:
#
#  EXCEPTION_ACCESS_VIOLATION (0xc0000005) at pc=0x007f9e69, pid=8552, tid=9368
#
# JRE version: 7.0_13-b20
# Java VM: Java HotSpot(TM) Client VM (23.7-b01 mixed mode windows-x86 )
# Problematic frame:
# C  [rxtxSerial.dll+0x9e69]  Java_gnu_io_RXTXPort_nativeSetEndOfInputChar+0x3a9
#
# Failed to write core dump. Minidumps are not enabled by default on client versions of Windows
#
# If you would like to submit a bug report, please visit:
#   http://bugreport.sun.com/bugreport/crash.jsp
# The crash happened outside the Java Virtual Machine in native code.
# See problematic frame for where to report the bug.
#

---------------  T H R E A D  ---------------

Current thread (0x1951c400):  JavaThread "Thread-3" [_thread_in_native, id=9368, stack(0x1d120000,0x1d170000)]

siginfo: ExceptionCode=0xc0000005, writing address 0x1d0cf650

Registers:
EAX=0x1d0cf648, EBX=0x5d91bef0, ECX=0x0000000e, EDX=0x00000000
ESP=0x1d16f2f0, EBP=0x1d16f4d8, ESI=0x00000001, EDI=0x1951c400
EIP=0x007f9e69, EFLAGS=0x00010206

Top of Stack: (sp=0x1d16f2f0)
0x1d16f2f0:   5d91bef0 00f923a0 00000000 1d16f2bc
0x1d16f300:   00000000 1d16f73c 00000081 1951d958
0x1d16f310:   00c40000 1951dda0 76dd1184 1d0cf648
0x1d16f320:   00000004 00000000 00000001 00000001
0x1d16f330:   00000081 00c40000 1951d958 1d16f418
0x1d16f340:   77c23af4 77c23b23 6898af00 00000400
0x1d16f350:   00c4344c 00c40000 00c43330 00f17320
0x1d16f360:   00c496b0 00c43330 00c40000 00c43354 

Instructions: (pc=0x007f9e69)
0x007f9e49:   38 0b 74 27 83 c4 f4 68 e0 9b 7f 00 e8 d2 27 00
0x007f9e59:   00 83 c4 10 8b 85 44 fe ff ff 8b 95 4c fe ff ff
0x007f9e69:   89 50 08 b8 ff ff ff ff eb 5d 90 8b 85 44 fe ff
0x007f9e79:   ff 8b 95 4c fe ff ff 89 50 08 b8 ff ff ff ff eb 


Register to memory mapping:

EAX=0x1d0cf648 is an unknown value
EBX=0x5d91bef0 is an unknown value
ECX=0x0000000e is an unknown value
EDX=0x00000000 is an unknown value
ESP=0x1d16f2f0 is pointing into the stack for thread: 0x1951c400
EBP=0x1d16f4d8 is pointing into the stack for thread: 0x1951c400
ESI=0x00000001 is an unknown value
EDI=0x1951c400 is a thread


Stack: [0x1d120000,0x1d170000],  sp=0x1d16f2f0,  free space=316k
Native frames: (J=compiled Java code, j=interpreted, Vv=VM code, C=native code)
C  [rxtxSerial.dll+0x9e69]  Java_gnu_io_RXTXPort_nativeSetEndOfInputChar+0x3a9
C  [rxtxSerial.dll+0xa20b]  Java_gnu_io_RXTXPort_readArray+0xc3
J  gnu.io.RXTXPort.readArray([BII)I
j  gnu.io.RXTXPort$SerialInputStream.read([BII)I+187
j  gnu.io.RXTXPort$SerialInputStream.read([B)I+38
j  SerialReader.run()V+32
j  java.lang.Thread.run()V+11
v  ~StubRoutines::call_stub
V  [jvm.dll+0x12a34a]
V  [jvm.dll+0x1d968e]
V  [jvm.dll+0x12a533]
V  [jvm.dll+0x12a597]
V  [jvm.dll+0xd306f]
V  [jvm.dll+0x14a647]
V  [jvm.dll+0x14a7b0]
V  [jvm.dll+0x17ee89]
C  [msvcr100.dll+0x5c6de]  endthreadex+0x3a
C  [msvcr100.dll+0x5c788]  endthreadex+0xe4
C  [kernel32.dll+0x13677]  BaseThreadInitThunk+0x12
C  [ntdll.dll+0x39d72]  RtlInitializeExceptionChain+0x63
C  [ntdll.dll+0x39d45]  RtlInitializeExceptionChain+0x36

Java frames: (J=compiled Java code, j=interpreted, Vv=VM code)
J  gnu.io.RXTXPort.readArray([BII)I
j  gnu.io.RXTXPort$SerialInputStream.read([BII)I+187
j  gnu.io.RXTXPort$SerialInputStream.read([B)I+38
j  SerialReader.run()V+32
j  java.lang.Thread.run()V+11
v  ~StubRoutines::call_stub

---------------  P R O C E S S  ---------------

Java Threads: ( => current thread )
  0x1951cc00 JavaThread "Thread-4" [_thread_blocked, id=6172, stack(0x1d170000,0x1d1c0000)]
=>0x1951c400 JavaThread "Thread-3" [_thread_in_native, id=9368, stack(0x1d120000,0x1d170000)]
  0x00c4b400 JavaThread "DestroyJavaVM" [_thread_blocked, id=11316, stack(0x00cb0000,0x00d00000)]
  0x19504800 JavaThread "D3D Screen Updater" daemon [_thread_blocked, id=5464, stack(0x1c0a0000,0x1c0f0000)]
  0x1947a400 JavaThread "AWT-EventQueue-0" [_thread_blocked, id=11332, stack(0x1bdd0000,0x1be20000)]
  0x010af000 JavaThread "AWT-Windows" daemon [_thread_in_native, id=2664, stack(0x18c60000,0x18cb0000)]
  0x010aec00 JavaThread "AWT-Shutdown" [_thread_blocked, id=452, stack(0x18e60000,0x18eb0000)]
  0x010ac400 JavaThread "Java2D Disposer" daemon [_thread_blocked, id=3036, stack(0x18dd0000,0x18e20000)]
  0x00f8d400 JavaThread "Service Thread" daemon [_thread_blocked, id=8604, stack(0x189b0000,0x18a00000)]
  0x00f8c000 JavaThread "C1 CompilerThread0" daemon [_thread_blocked, id=11760, stack(0x18c00000,0x18c50000)]
  0x00f88c00 JavaThread "Attach Listener" daemon [_thread_blocked, id=11896, stack(0x18a50000,0x18aa0000)]
  0x00f85c00 JavaThread "Signal Dispatcher" daemon [_thread_blocked, id=8560, stack(0x18a00000,0x18a50000)]
  0x00f1fc00 JavaThread "Finalizer" daemon [_thread_blocked, id=10292, stack(0x18940000,0x18990000)]
  0x00f1ac00 JavaThread "Reference Handler" daemon [_thread_blocked, id=4592, stack(0x18780000,0x187d0000)]

Other Threads:
  0x00f16800 VMThread [stack: 0x18730000,0x18780000] [id=11276]
  0x00f9f000 WatcherThread [stack: 0x01190000,0x011e0000] [id=8252]

VM state:not at safepoint (normal execution)

VM Mutex/Monitor currently owned by a thread: None

Heap
 def new generation   total 4928K, used 2849K [0x04690000, 0x04be0000, 0x09be0000)
  eden space 4416K,  52% used [0x04690000, 0x048d87d0, 0x04ae0000)
  from space 512K, 100% used [0x04b60000, 0x04be0000, 0x04be0000)
  to   space 512K,   0% used [0x04ae0000, 0x04ae0000, 0x04b60000)
 tenured generation   total 10944K, used 904K [0x09be0000, 0x0a690000, 0x14690000)
   the space 10944K,   8% used [0x09be0000, 0x09cc2250, 0x09cc2400, 0x0a690000)
 compacting perm gen  total 12288K, used 7444K [0x14690000, 0x15290000, 0x18690000)
   the space 12288K,  60% used [0x14690000, 0x14dd5090, 0x14dd5200, 0x15290000)
No shared spaces configured.

Card table byte_map: [0x00e00000,0x00eb0000] byte_map_base: 0x00ddcb80

Polling page: 0x00180000

Code Cache  [0x02690000, 0x027a0000, 0x04690000)
 total_blobs=561 nmethods=338 adapters=158 free_code_cache=31704Kb largest_free_block=32465472

Compilation events (10 events):
Event: 34.671 Thread 0x00f8c000  334   !         java.awt.Container::increaseComponentCount (124 bytes)
Event: 34.672 Thread 0x00f8c000 nmethod 334 0x02798d48 code [0x02798e90, 0x02799278]
Event: 34.673 Thread 0x00f8c000  335             sun.util.locale.LocaleUtils::isUpper (18 bytes)
Event: 34.673 Thread 0x00f8c000 nmethod 335 0x02799648 code [0x02799740, 0x027997e0]
Event: 34.689 Thread 0x00f8c000  336             java.awt.Component::getComponentOrientation (5 bytes)
Event: 34.689 Thread 0x00f8c000 nmethod 336 0x02799848 code [0x02799940, 0x027999c0]
Event: 34.690 Thread 0x00f8c000  337             sun.java2d.pipe.Region::dimAdd (20 bytes)
Event: 34.690 Thread 0x00f8c000 nmethod 337 0x02799a08 code [0x02799b00, 0x02799ba0]
Event: 34.695 Thread 0x00f8c000  338             sun.java2d.d3d.D3DGraphicsDevice::getContext (5 bytes)
Event: 34.696 Thread 0x00f8c000 nmethod 338 0x02799c08 code [0x02799d00, 0x02799d80]

GC Heap History (2 events):
Event: 14.736 GC heap before
{Heap before GC invocations=0 (full 0):
 def new generation   total 4928K, used 4416K [0x04690000, 0x04be0000, 0x09be0000)
  eden space 4416K, 100% used [0x04690000, 0x04ae0000, 0x04ae0000)
  from space 512K,   0% used [0x04ae0000, 0x04ae0000, 0x04b60000)
  to   space 512K,   0% used [0x04b60000, 0x04b60000, 0x04be0000)
 tenured generation   total 10944K, used 0K [0x09be0000, 0x0a690000, 0x14690000)
   the space 10944K,   0% used [0x09be0000, 0x09be0000, 0x09be0200, 0x0a690000)
 compacting perm gen  total 12288K, used 7362K [0x14690000, 0x15290000, 0x18690000)
   the space 12288K,  59% used [0x14690000, 0x14dc0820, 0x14dc0a00, 0x15290000)
No shared spaces configured.
Event: 14.746 GC heap after
Heap after GC invocations=1 (full 0):
 def new generation   total 4928K, used 512K [0x04690000, 0x04be0000, 0x09be0000)
  eden space 4416K,   0% used [0x04690000, 0x04690000, 0x04ae0000)
  from space 512K, 100% used [0x04b60000, 0x04be0000, 0x04be0000)
  to   space 512K,   0% used [0x04ae0000, 0x04ae0000, 0x04b60000)
 tenured generation   total 10944K, used 904K [0x09be0000, 0x0a690000, 0x14690000)
   the space 10944K,   8% used [0x09be0000, 0x09cc2250, 0x09cc2400, 0x0a690000)
 compacting perm gen  total 12288K, used 7362K [0x14690000, 0x15290000, 0x18690000)
   the space 12288K,  59% used [0x14690000, 0x14dc0820, 0x14dc0a00, 0x15290000)
No shared spaces configured.
}

Deoptimization events (0 events):
No events

Internal exceptions (10 events):
Event: 1.420 Thread 0x00c4b400 Threw 0x0495f270 at C:\jdk7u2_32P\jdk7u13_2932_new\hotspot\src\share\vm\prims\jvm.cpp:1166
Event: 1.420 Thread 0x00c4b400 Threw 0x04960900 at C:\jdk7u2_32P\jdk7u13_2932_new\hotspot\src\share\vm\prims\jvm.cpp:1166
Event: 1.421 Thread 0x00c4b400 Threw 0x04961998 at C:\jdk7u2_32P\jdk7u13_2932_new\hotspot\src\share\vm\prims\jvm.cpp:1166
Event: 1.439 Thread 0x00c4b400 Threw 0x0496f020 at C:\jdk7u2_32P\jdk7u13_2932_new\hotspot\src\share\vm\prims\jvm.cpp:1166
Event: 2.833 Thread 0x1947a400 Threw 0x049b15d8 at C:\jdk7u2_32P\jdk7u13_2932_new\hotspot\src\share\vm\prims\jvm.cpp:1166
Event: 2.859 Thread 0x1947a400 Threw 0x049da638 at C:\jdk7u2_32P\jdk7u13_2932_new\hotspot\src\share\vm\prims\jvm.cpp:1166
Event: 8.862 Thread 0x1951cc00 Threw 0x04a0d780 at C:\jdk7u2_32P\jdk7u13_2932_new\hotspot\src\share\vm\prims\jni.cpp:742
Event: 8.862 Thread 0x1951cc00 Threw 0x04a0dbf8 at C:\jdk7u2_32P\jdk7u13_2932_new\hotspot\src\share\vm\prims\jvm.cpp:1166
Event: 14.672 Thread 0x1951cc00 Threw 0x04a6af38 at C:\jdk7u2_32P\jdk7u13_2932_new\hotspot\src\share\vm\prims\jni.cpp:716
Event: 14.694 Thread 0x1951cc00 Threw 0x04a97c68 at C:\jdk7u2_32P\jdk7u13_2932_new\hotspot\src\share\vm\prims\jni.cpp:716

Events (10 events):
Event: 34.694 Executing VM operation: RevokeBias
Event: 34.694 Executing VM operation: RevokeBias done
Event: 34.694 Executing VM operation: RevokeBias
Event: 34.694 Executing VM operation: RevokeBias done
Event: 34.697 Executing VM operation: BulkRevokeBias
Event: 34.697 Executing VM operation: BulkRevokeBias done
Event: 34.866 Thread 0x19513400 Thread exited: 0x19513400
Event: 34.866 Executing VM operation: RevokeBias
Event: 34.866 Executing VM operation: RevokeBias done
Event: 34.866 Thread 0x1951fc00 Thread exited: 0x1951fc00


Dynamic libraries:
0x01260000 - 0x0128f000 	C:\Program Files (x86)\Java\jdk1.7.0_13\bin\javaw.exe
0x77bf0000 - 0x77d70000 	C:\Windows\SysWOW64\ntdll.dll
0x76dc0000 - 0x76ec0000 	C:\Windows\syswow64\kernel32.dll
0x76cd0000 - 0x76d16000 	C:\Windows\syswow64\KERNELBASE.dll
0x76bf0000 - 0x76c90000 	C:\Windows\syswow64\ADVAPI32.dll
0x772a0000 - 0x7734c000 	C:\Windows\syswow64\msvcrt.dll
0x76ae0000 - 0x76af9000 	C:\Windows\SysWOW64\sechost.dll
0x76b00000 - 0x76bf0000 	C:\Windows\syswow64\RPCRT4.dll
0x75760000 - 0x757c0000 	C:\Windows\syswow64\SspiCli.dll
0x75750000 - 0x7575c000 	C:\Windows\syswow64\CRYPTBASE.dll
0x757c0000 - 0x758c0000 	C:\Windows\syswow64\USER32.dll
0x76ed0000 - 0x76f60000 	C:\Windows\syswow64\GDI32.dll
0x76ec0000 - 0x76eca000 	C:\Windows\syswow64\LPK.dll
0x774c0000 - 0x7755d000 	C:\Windows\syswow64\USP10.dll
0x71f00000 - 0x7209e000 	C:\Windows\WinSxS\x86_microsoft.windows.common-controls_6595b64144ccf1df_6.0.7600.16385_none_421189da2b7fabfc\COMCTL32.dll
0x75a90000 - 0x75ae7000 	C:\Windows\syswow64\SHLWAPI.dll
0x75b20000 - 0x75b80000 	C:\Windows\system32\IMM32.DLL
0x77620000 - 0x776ec000 	C:\Windows\syswow64\MSCTF.dll
0x6ba00000 - 0x6babe000 	C:\Program Files (x86)\Java\jdk1.7.0_13\jre\bin\msvcr100.dll
0x5d870000 - 0x5dbbd000 	C:\Program Files (x86)\Java\jdk1.7.0_13\jre\bin\client\jvm.dll
0x703e0000 - 0x703e7000 	C:\Windows\system32\WSOCK32.dll
0x76c90000 - 0x76cc5000 	C:\Windows\syswow64\WS2_32.dll
0x76d20000 - 0x76d26000 	C:\Windows\syswow64\NSI.dll
0x714a0000 - 0x714d2000 	C:\Windows\system32\WINMM.dll
0x767d0000 - 0x767d5000 	C:\Windows\syswow64\PSAPI.DLL
0x6bb70000 - 0x6bb7c000 	C:\Program Files (x86)\Java\jdk1.7.0_13\jre\bin\verify.dll
0x6bb50000 - 0x6bb70000 	C:\Program Files (x86)\Java\jdk1.7.0_13\jre\bin\java.dll
0x6bb30000 - 0x6bb43000 	C:\Program Files (x86)\Java\jdk1.7.0_13\jre\bin\zip.dll
0x007f0000 - 0x00802000 	C:\Program Files (x86)\Java\jdk1.7.0_13\jre\bin\rxtxSerial.dll
0x6c240000 - 0x6c267000 	C:\Windows\system32\crtdll.dll
0x5c270000 - 0x5c3b2000 	C:\Program Files (x86)\Java\jdk1.7.0_13\jre\bin\awt.dll
0x76a50000 - 0x76adf000 	C:\Windows\syswow64\OLEAUT32.dll
0x77350000 - 0x774ac000 	C:\Windows\syswow64\ole32.dll
0x6d2c0000 - 0x6d340000 	C:\Windows\system32\uxtheme.dll
0x6d2a0000 - 0x6d2b3000 	C:\Windows\system32\dwmapi.dll
0x75b80000 - 0x767c9000 	C:\Windows\syswow64\SHELL32.dll
0x65f90000 - 0x65fba000 	C:\Program Files (x86)\Java\jdk1.7.0_13\jre\bin\fontmanager.dll
0x6bd80000 - 0x6bf43000 	C:\Windows\system32\d3d9.dll
0x722b0000 - 0x722b9000 	C:\Windows\system32\VERSION.dll
0x756e0000 - 0x756e6000 	C:\Windows\system32\d3d8thk.dll
0x60c00000 - 0x60c08000 	C:\Windows\system32\atiu9pag.dll
0x60870000 - 0x60be6000 	C:\Windows\system32\atiumdag.dll
0x60570000 - 0x6084f000 	C:\Windows\system32\atiumdva.dll
0x746e0000 - 0x746f4000 	C:\Program Files (x86)\Java\jdk1.7.0_13\jre\bin\net.dll
0x18bc0000 - 0x18bf3000 	C:\Windows\system32\idmmbc.dll
0x714e0000 - 0x7151c000 	C:\Windows\system32\mswsock.dll
0x6e880000 - 0x6e886000 	C:\Windows\System32\wship6.dll
0x749c0000 - 0x749ce000 	C:\Program Files (x86)\Java\jdk1.7.0_13\jre\bin\nio.dll
0x65f50000 - 0x65f81000 	C:\Program Files (x86)\Java\jdk1.7.0_13\jre\bin\t2k.dll
0x00860000 - 0x00867000 	C:\Program Files (x86)\Internet Download Manager\idmmkb.dll
0x6ee30000 - 0x6ef1b000 	C:\Windows\system32\dbghelp.dll

VM Arguments:
jvm_args: -Dfile.encoding=Cp1256 
java_command: MainClass
Launcher Type: SUN_STANDARD

Environment Variables:
CLASSPATH=.;C:\Program Files (x86)\Java\jre7\lib\ext\QTJava.zip
PATH=C:\Program Files (x86)\CSR\BlueSuite 2.4\DFU Tools;C:\Program Files\Common Files\Microsoft Shared\Windows Live;C:\Windows\system32;C:\Windows;C:\Windows\System32\Wbem;C:\Windows\System32\WindowsPowerShell\v1.0\;C:\Program Files (x86)\ATI Technologies\ATI.ACE\Core-Static;C:\Program Files\WIDCOMM\Bluetooth Software\;C:\Program Files\WIDCOMM\Bluetooth Software\syswow64;C:\Users\Ahmed\Desktop\android-sdk-windows\tools\;C:\Users\Ahmed\Desktop\android-sdk-windows\android-ndk-r8d\;C:\Users\Ahmed\Desktop\android-sdk-windows\android-ndk-r8d\samples\Androlirc-master\jni;C:\Program Files (x86)\Git\cmd;C:\Program Files (x86)\QuickTime\QTSystem\;C:\Program Files (x86)\SlikSvn\bin;C:\Program Files (x86)\Subversion\bin;C:\Cadence\SPB_15.5\tools\PSpice\Library;C:\Cadence\SPB_15.5\tools\Capture;C:\Cadence\SPB_15.5\tools\bin;C:\Cadence\SPB_15.5\tools\pcb\bin;C:\Cadence\SPB_15.5\tools\specctra\bin;C:\Cadence\SPB_15.5\tools\libutil\bin;C:\Cadence\SPB_15.5\tools\fet\bin;C:\Program Files (x86)\IVI Foundation\VISA\WinNT\Bin;C:\Program Files\Common Files\Microsoft Shared\Windows Live;H:\ndk\android-ndk-r8d;C:\cygwin\bin;C:\Program Files\Java\jdk1.7.0_45;
USERNAME=Ahmed
OS=Windows_NT
PROCESSOR_IDENTIFIER=Intel64 Family 6 Model 37 Stepping 5, GenuineIntel



---------------  S Y S T E M  ---------------

OS: Windows 7 , 64 bit Build 7600 

CPU:total 4 (2 cores per cpu, 2 threads per core) family 6 model 37 stepping 5, cmov, cx8, fxsr, mmx, sse, sse2, sse3, ssse3, sse4.1, sse4.2, popcnt, ht, tsc, tscinvbit

Memory: 4k page, physical 3987312k(1746520k free), swap 7972728k(4525676k free)

vm_info: Java HotSpot(TM) Client VM (23.7-b01) for windows-x86 JRE (1.7.0_13-b20), built on Jan 30 2013 10:03:58 by "java_re" with unknown MS VC++:1600

time: Tue Dec 17 22:33:05 2013
elapsed time: 34 seconds

