#
# A fatal error has been detected by the Java Runtime Environment:
#
#  EXCEPTION_ACCESS_VIOLATION (0xc0000005) at pc=0x6f697461, pid=10488, tid=6848
#
# JRE version: 7.0_13-b20
# Java VM: Java HotSpot(TM) Client VM (23.7-b01 mixed mode windows-x86 )
# Problematic frame:
# C  0x6f697461
#
# Failed to write core dump. Minidumps are not enabled by default on client versions of Windows
#
# If you would like to submit a bug report, please visit:
#   http://bugreport.sun.com/bugreport/crash.jsp
# The crash happened outside the Java Virtual Machine in native code.
# See problematic frame for where to report the bug.
#

---------------  T H R E A D  ---------------

Current thread (0x196c6800):  JavaThread "Thread-2" [_thread_in_native, id=6848, stack(0x1cff0000,0x1d040000)]

siginfo: ExceptionCode=0xc0000005, ExceptionInformation=0x00000008 0x6f697461

Registers:
EAX=0x6120726f, EBX=0x5d9190d0, ECX=0x76ce3f9f, EDX=0x6120726f
ESP=0x1d03f310, EBP=0x63696c70, ESI=0x148afec0, EDI=0x196c6800
EIP=0x6f697461, EFLAGS=0x00010216

Top of Stack: (sp=0x1d03f310)
0x1d03f310:   6572206e 73657571 0a0d2e74 0000000a
0x1d03f320:   00000000 00000440 001f0003 00000000
0x1d03f330:   dd710000 77c0f8c1 76e56ed2 000003d8
0x1d03f340:   00000440 00000000 77c0f992 76cdb75d
0x1d03f350:   00000440 00000000 1d03f378 76e56f10
0x1d03f360:   00000440 196c6800 148afec0 5d9190d0
0x1d03f370:   00000000 00000004 1d03f5f8 00305169
0x1d03f380:   000003d8 1d03f5f4 1d03f608 00305169 

Instructions: (pc=0x6f697461)
0x6f697441:   
[error occurred during error reporting (printing registers, top of stack, instructions near pc), id 0xc0000005]

Register to memory mapping:

EAX=0x6120726f is an unknown value
EBX=0x5d9190d0 is an unknown value
ECX=0x76ce3f9f is an unknown value
EDX=0x6120726f is an unknown value
ESP=0x1d03f310 is pointing into the stack for thread: 0x196c6800
EBP=0x63696c70 is an unknown value
ESI=0x148afec0 is an oop
{method} 
 - klass: {other class}
EDI=0x196c6800 is a thread


Stack: [0x1cff0000,0x1d040000],  sp=0x1d03f310,  free space=316k
Native frames: (J=compiled Java code, j=interpreted, Vv=VM code, C=native code)
C  0x6f697461

[error occurred during error reporting (printing native stack), id 0xc0000005]

Java frames: (J=compiled Java code, j=interpreted, Vv=VM code)
j  gnu.io.RXTXPort.eventLoop()V+0
j  gnu.io.RXTXPort$MonitorThread.run()V+12
v  ~StubRoutines::call_stub

---------------  P R O C E S S  ---------------

Java Threads: ( => current thread )
  0x196d4800 JavaThread "TimerQueue" daemon [_thread_blocked, id=1428, stack(0x1d200000,0x1d250000)]
  0x196cf800 JavaThread "Thread-3" [_thread_blocked, id=5964, stack(0x1bac0000,0x1bb10000)]
=>0x196c6800 JavaThread "Thread-2" [_thread_in_native, id=6848, stack(0x1cff0000,0x1d040000)]
  0x00cfb400 JavaThread "DestroyJavaVM" [_thread_blocked, id=11164, stack(0x00290000,0x002e0000)]
  0x19671000 JavaThread "D3D Screen Updater" daemon [_thread_blocked, id=5328, stack(0x1bbb0000,0x1bc00000)]
  0x1962b400 JavaThread "AWT-EventQueue-0" [_thread_blocked, id=6548, stack(0x1bd80000,0x1bdd0000)]
  0x0112a000 JavaThread "AWT-Windows" daemon [_thread_in_native, id=11276, stack(0x18eb0000,0x18f00000)]
  0x01129400 JavaThread "AWT-Shutdown" [_thread_blocked, id=3828, stack(0x18b90000,0x18be0000)]
  0x01126c00 JavaThread "Java2D Disposer" daemon [_thread_blocked, id=3644, stack(0x18a70000,0x18ac0000)]
  0x01010400 JavaThread "Service Thread" daemon [_thread_blocked, id=4816, stack(0x18810000,0x18860000)]
  0x0100c000 JavaThread "C1 CompilerThread0" daemon [_thread_blocked, id=8212, stack(0x18c80000,0x18cd0000)]
  0x01008c00 JavaThread "Attach Listener" daemon [_thread_blocked, id=10980, stack(0x18b20000,0x18b70000)]
  0x01005800 JavaThread "Signal Dispatcher" daemon [_thread_blocked, id=10268, stack(0x18900000,0x18950000)]
  0x00fa2000 JavaThread "Finalizer" daemon [_thread_blocked, id=4580, stack(0x18710000,0x18760000)]
  0x00f9ac00 JavaThread "Reference Handler" daemon [_thread_blocked, id=7848, stack(0x18870000,0x188c0000)]

Other Threads:
  0x00f96800 VMThread [stack: 0x01200000,0x01250000] [id=3832]
  0x01022000 WatcherThread [stack: 0x18da0000,0x18df0000] [id=3520]

VM state:not at safepoint (normal execution)

VM Mutex/Monitor currently owned by a thread: None

Heap
 def new generation   total 4928K, used 3922K [0x04690000, 0x04be0000, 0x09be0000)
  eden space 4416K,  88% used [0x04690000, 0x04a64aa8, 0x04ae0000)
  from space 512K,   0% used [0x04ae0000, 0x04ae0000, 0x04b60000)
  to   space 512K,   0% used [0x04b60000, 0x04b60000, 0x04be0000)
 tenured generation   total 10944K, used 0K [0x09be0000, 0x0a690000, 0x14690000)
   the space 10944K,   0% used [0x09be0000, 0x09be0000, 0x09be0200, 0x0a690000)
 compacting perm gen  total 12288K, used 7258K [0x14690000, 0x15290000, 0x18690000)
   the space 12288K,  59% used [0x14690000, 0x14da6ad8, 0x14da6c00, 0x15290000)
No shared spaces configured.

Card table byte_map: [0x00e80000,0x00f30000] byte_map_base: 0x00e5cb80

Polling page: 0x000c0000

Code Cache  [0x02690000, 0x02768000, 0x04690000)
 total_blobs=401 nmethods=182 adapters=154 free_code_cache=31916Kb largest_free_block=32682176

Compilation events (10 events):
Event: 5.886 Thread 0x0100c000  178             sun.java2d.pipe.RenderQueue::lock (4 bytes)
Event: 5.887 Thread 0x0100c000 nmethod 178 0x02764408 code [0x02764510, 0x027645ac]
Event: 5.887 Thread 0x0100c000  179             sun.awt.SunToolkit::awtLock (7 bytes)
Event: 5.887 Thread 0x0100c000 nmethod 179 0x02764648 code [0x02764750, 0x027647dc]
Event: 5.887 Thread 0x0100c000  180             sun.java2d.pipe.RenderQueue::unlock (4 bytes)
Event: 5.887 Thread 0x0100c000 nmethod 180 0x02764888 code [0x02764990, 0x02764a3c]
Event: 5.887 Thread 0x0100c000  181             sun.awt.SunToolkit::awtUnlock (7 bytes)
Event: 5.887 Thread 0x0100c000 nmethod 181 0x02764b08 code [0x02764c10, 0x02764cac]
Event: 6.333 Thread 0x0100c000  182             java.awt.Color::getAlpha (12 bytes)
Event: 6.333 Thread 0x0100c000 nmethod 182 0x02764d88 code [0x02764e80, 0x02764f10]

GC Heap History (0 events):
No events

Deoptimization events (0 events):
No events

Internal exceptions (10 events):
Event: 0.582 Thread 0x00cfb400 Threw 0x0491d828 at C:\jdk7u2_32P\jdk7u13_2932_new\hotspot\src\share\vm\prims\jvm.cpp:1166
Event: 0.582 Thread 0x00cfb400 Threw 0x0491d940 at C:\jdk7u2_32P\jdk7u13_2932_new\hotspot\src\share\vm\prims\jvm.cpp:1166
Event: 1.459 Thread 0x00cfb400 Threw 0x0495b418 at C:\jdk7u2_32P\jdk7u13_2932_new\hotspot\src\share\vm\prims\jvm.cpp:1166
Event: 1.460 Thread 0x00cfb400 Threw 0x0495c5d8 at C:\jdk7u2_32P\jdk7u13_2932_new\hotspot\src\share\vm\prims\jvm.cpp:1166
Event: 1.460 Thread 0x00cfb400 Threw 0x0495d718 at C:\jdk7u2_32P\jdk7u13_2932_new\hotspot\src\share\vm\prims\jvm.cpp:1166
Event: 1.461 Thread 0x00cfb400 Threw 0x0495edd8 at C:\jdk7u2_32P\jdk7u13_2932_new\hotspot\src\share\vm\prims\jvm.cpp:1166
Event: 1.462 Thread 0x00cfb400 Threw 0x04960468 at C:\jdk7u2_32P\jdk7u13_2932_new\hotspot\src\share\vm\prims\jvm.cpp:1166
Event: 1.462 Thread 0x00cfb400 Threw 0x04961500 at C:\jdk7u2_32P\jdk7u13_2932_new\hotspot\src\share\vm\prims\jvm.cpp:1166
Event: 1.477 Thread 0x00cfb400 Threw 0x0496eb88 at C:\jdk7u2_32P\jdk7u13_2932_new\hotspot\src\share\vm\prims\jvm.cpp:1166
Event: 2.589 Thread 0x1962b400 Threw 0x049b3380 at C:\jdk7u2_32P\jdk7u13_2932_new\hotspot\src\share\vm\prims\jvm.cpp:1166

Events (10 events):
Event: 6.329 loading class 0x196969a8
Event: 6.330 loading class 0x196969a8 done
Event: 6.330 loading class 0x196889c8
Event: 6.330 loading class 0x196889c8 done
Event: 6.330 loading class 0x19696740 done
Event: 6.330 loading class 0x196889f8
Event: 6.330 loading class 0x196889f8 done
Event: 6.330 loading class 0x19688c08
Event: 6.331 loading class 0x19688c08 done
Event: 6.331 Thread 0x196d4800 Thread added: 0x196d4800


Dynamic libraries:
0x01260000 - 0x0128f000 	C:\Program Files (x86)\Java\jdk1.7.0_13\bin\javaw.exe
0x77bf0000 - 0x77d70000 	C:\Windows\SysWOW64\ntdll.dll
0x76dc0000 - 0x76ec0000 	C:\Windows\syswow64\kernel32.dll
0x76cd0000 - 0x76d16000 	C:\Windows\syswow64\KERNELBASE.dll
0x76bf0000 - 0x76c90000 	C:\Windows\syswow64\ADVAPI32.dll
0x772a0000 - 0x7734c000 	C:\Windows\syswow64\msvcrt.dll
0x76ae0000 - 0x76af9000 	C:\Windows\SysWOW64\sechost.dll
0x76b00000 - 0x76bf0000 	C:\Windows\syswow64\RPCRT4.dll
0x75760000 - 0x757c0000 	C:\Windows\syswow64\SspiCli.dll
0x75750000 - 0x7575c000 	C:\Windows\syswow64\CRYPTBASE.dll
0x757c0000 - 0x758c0000 	C:\Windows\syswow64\USER32.dll
0x76ed0000 - 0x76f60000 	C:\Windows\syswow64\GDI32.dll
0x76ec0000 - 0x76eca000 	C:\Windows\syswow64\LPK.dll
0x774c0000 - 0x7755d000 	C:\Windows\syswow64\USP10.dll
0x71f00000 - 0x7209e000 	C:\Windows\WinSxS\x86_microsoft.windows.common-controls_6595b64144ccf1df_6.0.7600.16385_none_421189da2b7fabfc\COMCTL32.dll
0x75a90000 - 0x75ae7000 	C:\Windows\syswow64\SHLWAPI.dll
0x75b20000 - 0x75b80000 	C:\Windows\system32\IMM32.DLL
0x77620000 - 0x776ec000 	C:\Windows\syswow64\MSCTF.dll
0x6ba00000 - 0x6babe000 	C:\Program Files (x86)\Java\jdk1.7.0_13\jre\bin\msvcr100.dll
0x5d870000 - 0x5dbbd000 	C:\Program Files (x86)\Java\jdk1.7.0_13\jre\bin\client\jvm.dll
0x703e0000 - 0x703e7000 	C:\Windows\system32\WSOCK32.dll
0x76c90000 - 0x76cc5000 	C:\Windows\syswow64\WS2_32.dll
0x76d20000 - 0x76d26000 	C:\Windows\syswow64\NSI.dll
0x714a0000 - 0x714d2000 	C:\Windows\system32\WINMM.dll
0x767d0000 - 0x767d5000 	C:\Windows\syswow64\PSAPI.DLL
0x6bb70000 - 0x6bb7c000 	C:\Program Files (x86)\Java\jdk1.7.0_13\jre\bin\verify.dll
0x6bb50000 - 0x6bb70000 	C:\Program Files (x86)\Java\jdk1.7.0_13\jre\bin\java.dll
0x6bb30000 - 0x6bb43000 	C:\Program Files (x86)\Java\jdk1.7.0_13\jre\bin\zip.dll
0x00300000 - 0x00312000 	C:\Program Files (x86)\Java\jdk1.7.0_13\jre\bin\rxtxSerial.dll
0x6c240000 - 0x6c267000 	C:\Windows\system32\crtdll.dll
0x5f850000 - 0x5f992000 	C:\Program Files (x86)\Java\jdk1.7.0_13\jre\bin\awt.dll
0x76a50000 - 0x76adf000 	C:\Windows\syswow64\OLEAUT32.dll
0x77350000 - 0x774ac000 	C:\Windows\syswow64\ole32.dll
0x6d2c0000 - 0x6d340000 	C:\Windows\system32\uxtheme.dll
0x6d2a0000 - 0x6d2b3000 	C:\Windows\system32\dwmapi.dll
0x75b80000 - 0x767c9000 	C:\Windows\syswow64\SHELL32.dll
0x65f80000 - 0x65faa000 	C:\Program Files (x86)\Java\jdk1.7.0_13\jre\bin\fontmanager.dll
0x6bd80000 - 0x6bf43000 	C:\Windows\system32\d3d9.dll
0x722b0000 - 0x722b9000 	C:\Windows\system32\VERSION.dll
0x756e0000 - 0x756e6000 	C:\Windows\system32\d3d8thk.dll
0x60c00000 - 0x60c08000 	C:\Windows\system32\atiu9pag.dll
0x60870000 - 0x60be6000 	C:\Windows\system32\atiumdag.dll
0x60570000 - 0x6084f000 	C:\Windows\system32\atiumdva.dll
0x65fc0000 - 0x65fd4000 	C:\Program Files (x86)\Java\jdk1.7.0_13\jre\bin\net.dll
0x00ca0000 - 0x00cd3000 	C:\Windows\system32\idmmbc.dll
0x714e0000 - 0x7151c000 	C:\Windows\system32\mswsock.dll
0x6e880000 - 0x6e886000 	C:\Windows\System32\wship6.dll
0x73eb0000 - 0x73ebe000 	C:\Program Files (x86)\Java\jdk1.7.0_13\jre\bin\nio.dll
0x65ed0000 - 0x65f01000 	C:\Program Files (x86)\Java\jdk1.7.0_13\jre\bin\t2k.dll
0x00270000 - 0x00277000 	C:\Program Files (x86)\Internet Download Manager\idmmkb.dll
0x6ee30000 - 0x6ef1b000 	C:\Windows\system32\dbghelp.dll

VM Arguments:
jvm_args: -Dfile.encoding=Cp1256 
java_command: MainClass
Launcher Type: SUN_STANDARD

Environment Variables:
CLASSPATH=.;C:\Program Files (x86)\Java\jre7\lib\ext\QTJava.zip
PATH=C:\Program Files (x86)\CSR\BlueSuite 2.4\DFU Tools;C:\Program Files\Common Files\Microsoft Shared\Windows Live;C:\Windows\system32;C:\Windows;C:\Windows\System32\Wbem;C:\Windows\System32\WindowsPowerShell\v1.0\;C:\Program Files (x86)\ATI Technologies\ATI.ACE\Core-Static;C:\Program Files\WIDCOMM\Bluetooth Software\;C:\Program Files\WIDCOMM\Bluetooth Software\syswow64;C:\Users\Ahmed\Desktop\android-sdk-windows\tools\;C:\Users\Ahmed\Desktop\android-sdk-windows\android-ndk-r8d\;C:\Users\Ahmed\Desktop\android-sdk-windows\android-ndk-r8d\samples\Androlirc-master\jni;C:\Program Files (x86)\Git\cmd;C:\Program Files (x86)\QuickTime\QTSystem\;C:\Program Files (x86)\SlikSvn\bin;C:\Program Files (x86)\Subversion\bin;C:\Cadence\SPB_15.5\tools\PSpice\Library;C:\Cadence\SPB_15.5\tools\Capture;C:\Cadence\SPB_15.5\tools\bin;C:\Cadence\SPB_15.5\tools\pcb\bin;C:\Cadence\SPB_15.5\tools\specctra\bin;C:\Cadence\SPB_15.5\tools\libutil\bin;C:\Cadence\SPB_15.5\tools\fet\bin;C:\Program Files (x86)\IVI Foundation\VISA\WinNT\Bin;C:\Program Files\Common Files\Microsoft Shared\Windows Live;H:\ndk\android-ndk-r8d;C:\cygwin\bin;C:\Program Files\Java\jdk1.7.0_45;
USERNAME=Ahmed
OS=Windows_NT
PROCESSOR_IDENTIFIER=Intel64 Family 6 Model 37 Stepping 5, GenuineIntel



---------------  S Y S T E M  ---------------

OS: Windows 7 , 64 bit Build 7600 

CPU:total 4 (2 cores per cpu, 2 threads per core) family 6 model 37 stepping 5, cmov, cx8, fxsr, mmx, sse, sse2, sse3, ssse3, sse4.1, sse4.2, popcnt, ht, tsc, tscinvbit

Memory: 4k page, physical 3987312k(1508232k free), swap 7972728k(3565212k free)

vm_info: Java HotSpot(TM) Client VM (23.7-b01) for windows-x86 JRE (1.7.0_13-b20), built on Jan 30 2013 10:03:58 by "java_re" with unknown MS VC++:1600

time: Wed Dec 18 08:45:12 2013
elapsed time: 8 seconds

