#
# A fatal error has been detected by the Java Runtime Environment:
#
#  EXCEPTION_ACCESS_VIOLATION (0xc0000005) at pc=0x003a9e69, pid=3484, tid=6520
#
# JRE version: 7.0_13-b20
# Java VM: Java HotSpot(TM) Client VM (23.7-b01 mixed mode windows-x86 )
# Problematic frame:
# C  [rxtxSerial.dll+0x9e69]  Java_gnu_io_RXTXPort_nativeSetEndOfInputChar+0x3a9
#
# Failed to write core dump. Minidumps are not enabled by default on client versions of Windows
#
# If you would like to submit a bug report, please visit:
#   http://bugreport.sun.com/bugreport/crash.jsp
# The crash happened outside the Java Virtual Machine in native code.
# See problematic frame for where to report the bug.
#

---------------  T H R E A D  ---------------

Current thread (0x1966dc00):  JavaThread "Thread-3" [_thread_in_native, id=6520, stack(0x1ba10000,0x1ba60000)]

siginfo: ExceptionCode=0xc0000005, writing address 0x1d14f5c0

Registers:
EAX=0x1d14f5b8, EBX=0x5d91bef0, ECX=0x0000000e, EDX=0x00000000
ESP=0x1ba5f220, EBP=0x1ba5f408, ESI=0x148afc30, EDI=0x1966dc00
EIP=0x003a9e69, EFLAGS=0x00010202

Top of Stack: (sp=0x1ba5f220)
0x1ba5f220:   5d91bef0 1ba5f354 00000000 00000001
0x1ba5f230:   027210b0 00000000 00000081 1ba5f2c4
0x1ba5f240:   5d990af0 ffffffff 1966dc00 1d14f5b8
0x1ba5f250:   00000006 00000000 00000001 00000001
0x1ba5f260:   00000081 009c0000 00fbe6f8 1ba5f348
0x1ba5f270:   77c23af4 77c23b23 6e7749c8 00000400
0x1ba5f280:   009c344c 009c0000 77c0f979 76ce014d
0x1ba5f290:   009c3330 00000000 009c0000 00fbe6f8 

Instructions: (pc=0x003a9e69)
0x003a9e49:   38 0b 74 27 83 c4 f4 68 e0 9b 3a 00 e8 d2 27 00
0x003a9e59:   00 83 c4 10 8b 85 44 fe ff ff 8b 95 4c fe ff ff
0x003a9e69:   89 50 08 b8 ff ff ff ff eb 5d 90 8b 85 44 fe ff
0x003a9e79:   ff 8b 95 4c fe ff ff 89 50 08 b8 ff ff ff ff eb 


Register to memory mapping:

EAX=0x1d14f5b8 is an unknown value
EBX=0x5d91bef0 is an unknown value
ECX=0x0000000e is an unknown value
EDX=0x00000000 is an unknown value
ESP=0x1ba5f220 is pointing into the stack for thread: 0x1966dc00
EBP=0x1ba5f408 is pointing into the stack for thread: 0x1966dc00
ESI=0x148afc30 is an oop
{constMethod} 
 - klass: {other class}
 - method:       0x148afc38 {method} 'readArray' '([BII)I' in 'gnu/io/RXTXPort'
 - exceptions:   0x14691128
EDI=0x1966dc00 is a thread


Stack: [0x1ba10000,0x1ba60000],  sp=0x1ba5f220,  free space=316k
Native frames: (J=compiled Java code, j=interpreted, Vv=VM code, C=native code)
C  [rxtxSerial.dll+0x9e69]  Java_gnu_io_RXTXPort_nativeSetEndOfInputChar+0x3a9
C  [rxtxSerial.dll+0xa20b]  Java_gnu_io_RXTXPort_readArray+0xc3
j  gnu.io.RXTXPort.readArray([BII)I+0
j  gnu.io.RXTXPort$SerialInputStream.read([BII)I+187
j  gnu.io.RXTXPort$SerialInputStream.read([B)I+38
j  SerialReader.run()V+32
j  java.lang.Thread.run()V+11
v  ~StubRoutines::call_stub
V  [jvm.dll+0x12a34a]
V  [jvm.dll+0x1d968e]
V  [jvm.dll+0x12a533]
V  [jvm.dll+0x12a597]
V  [jvm.dll+0xd306f]
V  [jvm.dll+0x14a647]
V  [jvm.dll+0x14a7b0]
V  [jvm.dll+0x17ee89]
C  [msvcr100.dll+0x5c6de]  endthreadex+0x3a
C  [msvcr100.dll+0x5c788]  endthreadex+0xe4
C  [kernel32.dll+0x13677]  BaseThreadInitThunk+0x12
C  [ntdll.dll+0x39d72]  RtlInitializeExceptionChain+0x63
C  [ntdll.dll+0x39d45]  RtlInitializeExceptionChain+0x36

Java frames: (J=compiled Java code, j=interpreted, Vv=VM code)
j  gnu.io.RXTXPort.readArray([BII)I+0
j  gnu.io.RXTXPort$SerialInputStream.read([BII)I+187
j  gnu.io.RXTXPort$SerialInputStream.read([B)I+38
j  SerialReader.run()V+32
j  java.lang.Thread.run()V+11
v  ~StubRoutines::call_stub

---------------  P R O C E S S  ---------------

Java Threads: ( => current thread )
  0x1967bc00 JavaThread "TimerQueue" daemon [_thread_blocked, id=7836, stack(0x1d4a0000,0x1d4f0000)]
  0x1966e400 JavaThread "Thread-4" [_thread_blocked, id=12156, stack(0x1d230000,0x1d280000)]
=>0x1966dc00 JavaThread "Thread-3" [_thread_in_native, id=6520, stack(0x1ba10000,0x1ba60000)]
  0x009cb400 JavaThread "DestroyJavaVM" [_thread_blocked, id=4324, stack(0x008f0000,0x00940000)]
  0x1961e400 JavaThread "D3D Screen Updater" daemon [_thread_blocked, id=11460, stack(0x1ca70000,0x1cac0000)]
  0x195d7c00 JavaThread "AWT-EventQueue-0" [_thread_blocked, id=3992, stack(0x1bbd0000,0x1bc20000)]
  0x010ba400 JavaThread "AWT-Windows" daemon [_thread_in_native, id=1076, stack(0x19040000,0x19090000)]
  0x010b9800 JavaThread "AWT-Shutdown" [_thread_blocked, id=7008, stack(0x18e20000,0x18e70000)]
  0x010b7000 JavaThread "Java2D Disposer" daemon [_thread_blocked, id=4752, stack(0x189f0000,0x18a40000)]
  0x00f9dc00 JavaThread "Service Thread" daemon [_thread_blocked, id=4860, stack(0x18c90000,0x18ce0000)]
  0x00f9c000 JavaThread "C1 CompilerThread0" daemon [_thread_blocked, id=9940, stack(0x189a0000,0x189f0000)]
  0x00f98c00 JavaThread "Attach Listener" daemon [_thread_blocked, id=11992, stack(0x18ae0000,0x18b30000)]
  0x00f95c00 JavaThread "Signal Dispatcher" daemon [_thread_blocked, id=11500, stack(0x18780000,0x187d0000)]
  0x00f2fc00 JavaThread "Finalizer" daemon [_thread_blocked, id=4564, stack(0x18950000,0x189a0000)]
  0x00f2ac00 JavaThread "Reference Handler" daemon [_thread_blocked, id=5208, stack(0x186d0000,0x18720000)]

Other Threads:
  0x00f26800 VMThread [stack: 0x01120000,0x01170000] [id=6908]
  0x00fb7000 WatcherThread [stack: 0x18d40000,0x18d90000] [id=5260]

VM state:not at safepoint (normal execution)

VM Mutex/Monitor currently owned by a thread: None

Heap
 def new generation   total 4928K, used 4105K [0x04690000, 0x04be0000, 0x09be0000)
  eden space 4416K,  92% used [0x04690000, 0x04a92450, 0x04ae0000)
  from space 512K,   0% used [0x04ae0000, 0x04ae0000, 0x04b60000)
  to   space 512K,   0% used [0x04b60000, 0x04b60000, 0x04be0000)
 tenured generation   total 10944K, used 0K [0x09be0000, 0x0a690000, 0x14690000)
   the space 10944K,   0% used [0x09be0000, 0x09be0000, 0x09be0200, 0x0a690000)
 compacting perm gen  total 12288K, used 7354K [0x14690000, 0x15290000, 0x18690000)
   the space 12288K,  59% used [0x14690000, 0x14dbe908, 0x14dbea00, 0x15290000)
No shared spaces configured.

Card table byte_map: [0x00e70000,0x00f20000] byte_map_base: 0x00e4cb80

Polling page: 0x00130000

Code Cache  [0x02690000, 0x02770000, 0x04690000)
 total_blobs=412 nmethods=193 adapters=154 free_code_cache=31899Kb largest_free_block=32664832

Compilation events (10 events):
Event: 18.139 Thread 0x00f9c000  189             java.awt.Component::isVisible_NoClientCode (5 bytes)
Event: 18.140 Thread 0x00f9c000 nmethod 189 0x02768188 code [0x02768280, 0x02768300]
Event: 18.140 Thread 0x00f9c000  190             java.awt.Component::isVisible (5 bytes)
Event: 18.140 Thread 0x00f9c000 nmethod 190 0x02768348 code [0x02768440, 0x027684c0]
Event: 18.149 Thread 0x00f9c000  191   !         sun.awt.SunToolkit::flushPendingEvents (77 bytes)
Event: 18.150 Thread 0x00f9c000 nmethod 191 0x02768508 code [0x02768670, 0x02768848]
Event: 18.150 Thread 0x00f9c000  192   !         sun.awt.PostEventQueue::flush (84 bytes)
Event: 18.150 Thread 0x00f9c000 nmethod 192 0x02768a88 code [0x02768ba0, 0x02768e88]
Event: 18.505 Thread 0x00f9c000  193   !         gnu.io.RXTXPort::waitForTheNativeCodeSilly (21 bytes)
Event: 18.505 Thread 0x00f9c000 nmethod 193 0x02769048 code [0x02769150, 0x0276923c]

GC Heap History (0 events):
No events

Deoptimization events (0 events):
No events

Internal exceptions (10 events):
Event: 1.767 Thread 0x009cb400 Threw 0x0492f0f0 at C:\jdk7u2_32P\jdk7u13_2932_new\hotspot\src\share\vm\prims\jvm.cpp:1166
Event: 1.768 Thread 0x009cb400 Threw 0x04930250 at C:\jdk7u2_32P\jdk7u13_2932_new\hotspot\src\share\vm\prims\jvm.cpp:1166
Event: 1.768 Thread 0x009cb400 Threw 0x0495d6d8 at C:\jdk7u2_32P\jdk7u13_2932_new\hotspot\src\share\vm\prims\jvm.cpp:1166
Event: 1.770 Thread 0x009cb400 Threw 0x0495ed98 at C:\jdk7u2_32P\jdk7u13_2932_new\hotspot\src\share\vm\prims\jvm.cpp:1166
Event: 1.770 Thread 0x009cb400 Threw 0x04960428 at C:\jdk7u2_32P\jdk7u13_2932_new\hotspot\src\share\vm\prims\jvm.cpp:1166
Event: 1.771 Thread 0x009cb400 Threw 0x049614c0 at C:\jdk7u2_32P\jdk7u13_2932_new\hotspot\src\share\vm\prims\jvm.cpp:1166
Event: 1.789 Thread 0x009cb400 Threw 0x0496eaf8 at C:\jdk7u2_32P\jdk7u13_2932_new\hotspot\src\share\vm\prims\jvm.cpp:1166
Event: 3.079 Thread 0x195d7c00 Threw 0x049ac4a0 at C:\jdk7u2_32P\jdk7u13_2932_new\hotspot\src\share\vm\prims\jvm.cpp:1166
Event: 3.105 Thread 0x195d7c00 Threw 0x049bf460 at C:\jdk7u2_32P\jdk7u13_2932_new\hotspot\src\share\vm\prims\jvm.cpp:1166
Event: 10.607 Thread 0x1966e400 Threw 0x049f7de0 at C:\jdk7u2_32P\jdk7u13_2932_new\hotspot\src\share\vm\prims\jni.cpp:742

Events (10 events):
Event: 18.147 Executing VM operation: RevokeBias done
Event: 18.148 Executing VM operation: RevokeBias
Event: 18.148 Executing VM operation: RevokeBias done
Event: 18.148 Executing VM operation: RevokeBias
Event: 18.148 Executing VM operation: RevokeBias done
Event: 18.148 Executing VM operation: RevokeBias
Event: 18.148 Executing VM operation: RevokeBias done
Event: 18.148 Executing VM operation: RevokeBias
Event: 18.148 Executing VM operation: RevokeBias done
Event: 19.157 Thread 0x1966d000 Thread exited: 0x1966d000


Dynamic libraries:
0x01260000 - 0x0128f000 	C:\Program Files (x86)\Java\jdk1.7.0_13\bin\javaw.exe
0x77bf0000 - 0x77d70000 	C:\Windows\SysWOW64\ntdll.dll
0x76dc0000 - 0x76ec0000 	C:\Windows\syswow64\kernel32.dll
0x76cd0000 - 0x76d16000 	C:\Windows\syswow64\KERNELBASE.dll
0x76bf0000 - 0x76c90000 	C:\Windows\syswow64\ADVAPI32.dll
0x772a0000 - 0x7734c000 	C:\Windows\syswow64\msvcrt.dll
0x76ae0000 - 0x76af9000 	C:\Windows\SysWOW64\sechost.dll
0x76b00000 - 0x76bf0000 	C:\Windows\syswow64\RPCRT4.dll
0x75760000 - 0x757c0000 	C:\Windows\syswow64\SspiCli.dll
0x75750000 - 0x7575c000 	C:\Windows\syswow64\CRYPTBASE.dll
0x757c0000 - 0x758c0000 	C:\Windows\syswow64\USER32.dll
0x76ed0000 - 0x76f60000 	C:\Windows\syswow64\GDI32.dll
0x76ec0000 - 0x76eca000 	C:\Windows\syswow64\LPK.dll
0x774c0000 - 0x7755d000 	C:\Windows\syswow64\USP10.dll
0x71f00000 - 0x7209e000 	C:\Windows\WinSxS\x86_microsoft.windows.common-controls_6595b64144ccf1df_6.0.7600.16385_none_421189da2b7fabfc\COMCTL32.dll
0x75a90000 - 0x75ae7000 	C:\Windows\syswow64\SHLWAPI.dll
0x75b20000 - 0x75b80000 	C:\Windows\system32\IMM32.DLL
0x77620000 - 0x776ec000 	C:\Windows\syswow64\MSCTF.dll
0x6ba00000 - 0x6babe000 	C:\Program Files (x86)\Java\jdk1.7.0_13\jre\bin\msvcr100.dll
0x5d870000 - 0x5dbbd000 	C:\Program Files (x86)\Java\jdk1.7.0_13\jre\bin\client\jvm.dll
0x703e0000 - 0x703e7000 	C:\Windows\system32\WSOCK32.dll
0x76c90000 - 0x76cc5000 	C:\Windows\syswow64\WS2_32.dll
0x76d20000 - 0x76d26000 	C:\Windows\syswow64\NSI.dll
0x714a0000 - 0x714d2000 	C:\Windows\system32\WINMM.dll
0x767d0000 - 0x767d5000 	C:\Windows\syswow64\PSAPI.DLL
0x6bb70000 - 0x6bb7c000 	C:\Program Files (x86)\Java\jdk1.7.0_13\jre\bin\verify.dll
0x6bb50000 - 0x6bb70000 	C:\Program Files (x86)\Java\jdk1.7.0_13\jre\bin\java.dll
0x6bb30000 - 0x6bb43000 	C:\Program Files (x86)\Java\jdk1.7.0_13\jre\bin\zip.dll
0x003a0000 - 0x003b2000 	C:\Program Files (x86)\Java\jdk1.7.0_13\jre\bin\rxtxSerial.dll
0x6c240000 - 0x6c267000 	C:\Windows\system32\crtdll.dll
0x5cc40000 - 0x5cd82000 	C:\Program Files (x86)\Java\jdk1.7.0_13\jre\bin\awt.dll
0x76a50000 - 0x76adf000 	C:\Windows\syswow64\OLEAUT32.dll
0x77350000 - 0x774ac000 	C:\Windows\syswow64\ole32.dll
0x6d2c0000 - 0x6d340000 	C:\Windows\system32\uxtheme.dll
0x6d2a0000 - 0x6d2b3000 	C:\Windows\system32\dwmapi.dll
0x75b80000 - 0x767c9000 	C:\Windows\syswow64\SHELL32.dll
0x60460000 - 0x6048a000 	C:\Program Files (x86)\Java\jdk1.7.0_13\jre\bin\fontmanager.dll
0x6bd80000 - 0x6bf43000 	C:\Windows\system32\d3d9.dll
0x722b0000 - 0x722b9000 	C:\Windows\system32\VERSION.dll
0x756e0000 - 0x756e6000 	C:\Windows\system32\d3d8thk.dll
0x60c00000 - 0x60c08000 	C:\Windows\system32\atiu9pag.dll
0x60870000 - 0x60be6000 	C:\Windows\system32\atiumdag.dll
0x60570000 - 0x6084f000 	C:\Windows\system32\atiumdva.dll
0x746e0000 - 0x746f4000 	C:\Program Files (x86)\Java\jdk1.7.0_13\jre\bin\net.dll
0x18690000 - 0x186c3000 	C:\Windows\system32\idmmbc.dll
0x714e0000 - 0x7151c000 	C:\Windows\system32\mswsock.dll
0x6e880000 - 0x6e886000 	C:\Windows\System32\wship6.dll
0x749c0000 - 0x749ce000 	C:\Program Files (x86)\Java\jdk1.7.0_13\jre\bin\nio.dll
0x5dc20000 - 0x5dc51000 	C:\Program Files (x86)\Java\jdk1.7.0_13\jre\bin\t2k.dll
0x00400000 - 0x00407000 	C:\Program Files (x86)\Internet Download Manager\idmmkb.dll
0x6ee30000 - 0x6ef1b000 	C:\Windows\system32\dbghelp.dll

VM Arguments:
jvm_args: -Dfile.encoding=Cp1256 
java_command: MainClass
Launcher Type: SUN_STANDARD

Environment Variables:
CLASSPATH=.;C:\Program Files (x86)\Java\jre7\lib\ext\QTJava.zip
PATH=C:\Program Files (x86)\CSR\BlueSuite 2.4\DFU Tools;C:\Program Files\Common Files\Microsoft Shared\Windows Live;C:\Windows\system32;C:\Windows;C:\Windows\System32\Wbem;C:\Windows\System32\WindowsPowerShell\v1.0\;C:\Program Files (x86)\ATI Technologies\ATI.ACE\Core-Static;C:\Program Files\WIDCOMM\Bluetooth Software\;C:\Program Files\WIDCOMM\Bluetooth Software\syswow64;C:\Users\Ahmed\Desktop\android-sdk-windows\tools\;C:\Users\Ahmed\Desktop\android-sdk-windows\android-ndk-r8d\;C:\Users\Ahmed\Desktop\android-sdk-windows\android-ndk-r8d\samples\Androlirc-master\jni;C:\Program Files (x86)\Git\cmd;C:\Program Files (x86)\QuickTime\QTSystem\;C:\Program Files (x86)\SlikSvn\bin;C:\Program Files (x86)\Subversion\bin;C:\Cadence\SPB_15.5\tools\PSpice\Library;C:\Cadence\SPB_15.5\tools\Capture;C:\Cadence\SPB_15.5\tools\bin;C:\Cadence\SPB_15.5\tools\pcb\bin;C:\Cadence\SPB_15.5\tools\specctra\bin;C:\Cadence\SPB_15.5\tools\libutil\bin;C:\Cadence\SPB_15.5\tools\fet\bin;C:\Program Files (x86)\IVI Foundation\VISA\WinNT\Bin;C:\Program Files\Common Files\Microsoft Shared\Windows Live;H:\ndk\android-ndk-r8d;C:\cygwin\bin;C:\Program Files\Java\jdk1.7.0_45;
USERNAME=Ahmed
OS=Windows_NT
PROCESSOR_IDENTIFIER=Intel64 Family 6 Model 37 Stepping 5, GenuineIntel



---------------  S Y S T E M  ---------------

OS: Windows 7 , 64 bit Build 7600 

CPU:total 4 (2 cores per cpu, 2 threads per core) family 6 model 37 stepping 5, cmov, cx8, fxsr, mmx, sse, sse2, sse3, ssse3, sse4.1, sse4.2, popcnt, ht, tsc, tscinvbit

Memory: 4k page, physical 3987312k(1929620k free), swap 7972728k(4771652k free)

vm_info: Java HotSpot(TM) Client VM (23.7-b01) for windows-x86 JRE (1.7.0_13-b20), built on Jan 30 2013 10:03:58 by "java_re" with unknown MS VC++:1600

time: Tue Dec 17 21:53:38 2013
elapsed time: 19 seconds

