#
# A fatal error has been detected by the Java Runtime Environment:
#
#  EXCEPTION_ACCESS_VIOLATION (0xc0000005) at pc=0x004b9e69, pid=8532, tid=11016
#
# JRE version: 7.0_13-b20
# Java VM: Java HotSpot(TM) Client VM (23.7-b01 mixed mode windows-x86 )
# Problematic frame:
# C  [rxtxSerial.dll+0x9e69]  Java_gnu_io_RXTXPort_nativeSetEndOfInputChar+0x3a9
#
# Failed to write core dump. Minidumps are not enabled by default on client versions of Windows
#
# If you would like to submit a bug report, please visit:
#   http://bugreport.sun.com/bugreport/crash.jsp
# The crash happened outside the Java Virtual Machine in native code.
# See problematic frame for where to report the bug.
#

---------------  T H R E A D  ---------------

Current thread (0x196a4000):  JavaThread "Thread-3" [_thread_in_native, id=11016, stack(0x1bec0000,0x1bf10000)]

siginfo: ExceptionCode=0xc0000005, writing address 0x1d07f2d0

Registers:
EAX=0x1d07f2c8, EBX=0x5d91bef0, ECX=0x0000000e, EDX=0x00000000
ESP=0x1bf0f170, EBP=0x1bf0f358, ESI=0x148afce0, EDI=0x196a4000
EIP=0x004b9e69, EFLAGS=0x00010202

Top of Stack: (sp=0x1bf0f170)
0x1bf0f170:   5d91bef0 5d99c0ca 1bf0f298 5d99c1f6
0x1bf0f180:   00000000 5d9a8238 196a4000 5d9a82e6
0x1bf0f190:   00000001 00da9988 196a4000 1d07f2c8
0x1bf0f1a0:   00000004 00000000 00000001 00000001
0x1bf0f1b0:   00000081 00da0000 196a4958 1bf0f298
0x1bf0f1c0:   77c23af4 77c23b23 6e7f5e72 00000400
0x1bf0f1d0:   00da344c 00da0000 00000000 1bf0f208
0x1bf0f1e0:   00da3330 00000140 00da0000 196a4958 

Instructions: (pc=0x004b9e69)
0x004b9e49:   38 0b 74 27 83 c4 f4 68 e0 9b 4b 00 e8 d2 27 00
0x004b9e59:   00 83 c4 10 8b 85 44 fe ff ff 8b 95 4c fe ff ff
0x004b9e69:   89 50 08 b8 ff ff ff ff eb 5d 90 8b 85 44 fe ff
0x004b9e79:   ff 8b 95 4c fe ff ff 89 50 08 b8 ff ff ff ff eb 


Register to memory mapping:

EAX=0x1d07f2c8 is an unknown value
EBX=0x5d91bef0 is an unknown value
ECX=0x0000000e is an unknown value
EDX=0x00000000 is an unknown value
ESP=0x1bf0f170 is pointing into the stack for thread: 0x196a4000
EBP=0x1bf0f358 is pointing into the stack for thread: 0x196a4000
ESI=0x148afce0 is an oop
{constMethod} 
 - klass: {other class}
 - method:       0x148afce8 {method} 'readArray' '([BII)I' in 'gnu/io/RXTXPort'
 - exceptions:   0x14691128
EDI=0x196a4000 is a thread


Stack: [0x1bec0000,0x1bf10000],  sp=0x1bf0f170,  free space=316k
Native frames: (J=compiled Java code, j=interpreted, Vv=VM code, C=native code)
C  [rxtxSerial.dll+0x9e69]  Java_gnu_io_RXTXPort_nativeSetEndOfInputChar+0x3a9
C  [rxtxSerial.dll+0xa20b]  Java_gnu_io_RXTXPort_readArray+0xc3
j  gnu.io.RXTXPort.readArray([BII)I+0
j  gnu.io.RXTXPort$SerialInputStream.read([BII)I+187
j  gnu.io.RXTXPort$SerialInputStream.read([B)I+38
j  SerialReader.run()V+32
j  java.lang.Thread.run()V+11
v  ~StubRoutines::call_stub
V  [jvm.dll+0x12a34a]
V  [jvm.dll+0x1d968e]
V  [jvm.dll+0x12a533]
V  [jvm.dll+0x12a597]
V  [jvm.dll+0xd306f]
V  [jvm.dll+0x14a647]
V  [jvm.dll+0x14a7b0]
V  [jvm.dll+0x17ee89]
C  [msvcr100.dll+0x5c6de]  endthreadex+0x3a
C  [msvcr100.dll+0x5c788]  endthreadex+0xe4
C  [kernel32.dll+0x13677]  BaseThreadInitThunk+0x12
C  [ntdll.dll+0x39d72]  RtlInitializeExceptionChain+0x63
C  [ntdll.dll+0x39d45]  RtlInitializeExceptionChain+0x36

Java frames: (J=compiled Java code, j=interpreted, Vv=VM code)
j  gnu.io.RXTXPort.readArray([BII)I+0
j  gnu.io.RXTXPort$SerialInputStream.read([BII)I+187
j  gnu.io.RXTXPort$SerialInputStream.read([B)I+38
j  SerialReader.run()V+32
j  java.lang.Thread.run()V+11
v  ~StubRoutines::call_stub

---------------  P R O C E S S  ---------------

Java Threads: ( => current thread )
  0x196a4400 JavaThread "Thread-4" [_thread_blocked, id=7728, stack(0x1d190000,0x1d1e0000)]
=>0x196a4000 JavaThread "Thread-3" [_thread_in_native, id=11016, stack(0x1bec0000,0x1bf10000)]
  0x00dab400 JavaThread "DestroyJavaVM" [_thread_blocked, id=4764, stack(0x00c90000,0x00ce0000)]
  0x1964e400 JavaThread "D3D Screen Updater" daemon [_thread_blocked, id=7372, stack(0x1bfb0000,0x1c000000)]
  0x19608800 JavaThread "AWT-EventQueue-0" [_thread_blocked, id=1484, stack(0x1be70000,0x1bec0000)]
  0x01089400 JavaThread "AWT-Windows" daemon [_thread_in_native, id=8824, stack(0x18d70000,0x18dc0000)]
  0x01088800 JavaThread "AWT-Shutdown" [_thread_blocked, id=4036, stack(0x18f80000,0x18fd0000)]
  0x01086000 JavaThread "Java2D Disposer" daemon [_thread_blocked, id=1520, stack(0x18e60000,0x18eb0000)]
  0x00f78400 JavaThread "Service Thread" daemon [_thread_blocked, id=9252, stack(0x18a30000,0x18a80000)]
  0x00f6c000 JavaThread "C1 CompilerThread0" daemon [_thread_blocked, id=3772, stack(0x187e0000,0x18830000)]
  0x00f68c00 JavaThread "Attach Listener" daemon [_thread_blocked, id=2500, stack(0x189e0000,0x18a30000)]
  0x00f65c00 JavaThread "Signal Dispatcher" daemon [_thread_blocked, id=6400, stack(0x18970000,0x189c0000)]
  0x00effc00 JavaThread "Finalizer" daemon [_thread_blocked, id=2324, stack(0x18910000,0x18960000)]
  0x00efac00 JavaThread "Reference Handler" daemon [_thread_blocked, id=10336, stack(0x01180000,0x011d0000)]

Other Threads:
  0x00ef6800 VMThread [stack: 0x01120000,0x01170000] [id=944]
  0x00f89400 WatcherThread [stack: 0x18a90000,0x18ae0000] [id=4968]

VM state:not at safepoint (normal execution)

VM Mutex/Monitor currently owned by a thread: None

Heap
 def new generation   total 4928K, used 1230K [0x04690000, 0x04be0000, 0x09be0000)
  eden space 4416K,  16% used [0x04690000, 0x04743b20, 0x04ae0000)
  from space 512K, 100% used [0x04b60000, 0x04be0000, 0x04be0000)
  to   space 512K,   0% used [0x04ae0000, 0x04ae0000, 0x04b60000)
 tenured generation   total 10944K, used 874K [0x09be0000, 0x0a690000, 0x14690000)
   the space 10944K,   7% used [0x09be0000, 0x09cbab28, 0x09cbac00, 0x0a690000)
 compacting perm gen  total 12288K, used 7411K [0x14690000, 0x15290000, 0x18690000)
   the space 12288K,  60% used [0x14690000, 0x14dccef8, 0x14dcd000, 0x15290000)
No shared spaces configured.

Card table byte_map: [0x00ce0000,0x00d90000] byte_map_base: 0x00cbcb80

Polling page: 0x00100000

Code Cache  [0x02690000, 0x02778000, 0x04690000)
 total_blobs=465 nmethods=242 adapters=158 free_code_cache=31847Kb largest_free_block=32612224

Compilation events (10 events):
Event: 27.696 Thread 0x00f6c000  237             sun.awt.SunToolkit::getContainingWindow (24 bytes)
Event: 27.696 Thread 0x00f6c000 nmethod 237 0x02775008 code [0x02775110, 0x027751fc]
Event: 27.702 Thread 0x00f6c000  239             sun.awt.SunToolkit::getAppContext (42 bytes)
Event: 27.702 Thread 0x00f6c000 nmethod 239 0x02775288 code [0x027753d0, 0x027755d4]
Event: 27.703 Thread 0x00f6c000  240             sun.awt.SunToolkit::targetToAppContext (36 bytes)
Event: 27.703 Thread 0x00f6c000 nmethod 240 0x02775748 code [0x02775870, 0x027759d4]
Event: 27.710 Thread 0x00f6c000  241             java.util.IdentityHashMap::get (60 bytes)
Event: 27.710 Thread 0x00f6c000 nmethod 241 0x02775b08 code [0x02775c10, 0x02775d4c]
Event: 27.711 Thread 0x00f6c000  242             sun.java2d.SurfaceData::markDirty (8 bytes)
Event: 27.711 Thread 0x00f6c000 nmethod 242 0x02775e88 code [0x02775f80, 0x02776010]

GC Heap History (2 events):
Event: 23.942 GC heap before
{Heap before GC invocations=0 (full 0):
 def new generation   total 4928K, used 4416K [0x04690000, 0x04be0000, 0x09be0000)
  eden space 4416K, 100% used [0x04690000, 0x04ae0000, 0x04ae0000)
  from space 512K,   0% used [0x04ae0000, 0x04ae0000, 0x04b60000)
  to   space 512K,   0% used [0x04b60000, 0x04b60000, 0x04be0000)
 tenured generation   total 10944K, used 0K [0x09be0000, 0x0a690000, 0x14690000)
   the space 10944K,   0% used [0x09be0000, 0x09be0000, 0x09be0200, 0x0a690000)
 compacting perm gen  total 12288K, used 7326K [0x14690000, 0x15290000, 0x18690000)
   the space 12288K,  59% used [0x14690000, 0x14db7b08, 0x14db7c00, 0x15290000)
No shared spaces configured.
Event: 23.961 GC heap after
Heap after GC invocations=1 (full 0):
 def new generation   total 4928K, used 512K [0x04690000, 0x04be0000, 0x09be0000)
  eden space 4416K,   0% used [0x04690000, 0x04690000, 0x04ae0000)
  from space 512K, 100% used [0x04b60000, 0x04be0000, 0x04be0000)
  to   space 512K,   0% used [0x04ae0000, 0x04ae0000, 0x04b60000)
 tenured generation   total 10944K, used 874K [0x09be0000, 0x0a690000, 0x14690000)
   the space 10944K,   7% used [0x09be0000, 0x09cbab28, 0x09cbac00, 0x0a690000)
 compacting perm gen  total 12288K, used 7326K [0x14690000, 0x15290000, 0x18690000)
   the space 12288K,  59% used [0x14690000, 0x14db7b08, 0x14db7c00, 0x15290000)
No shared spaces configured.
}

Deoptimization events (0 events):
No events

Internal exceptions (10 events):
Event: 1.820 Thread 0x00dab400 Threw 0x04975080 at C:\jdk7u2_32P\jdk7u13_2932_new\hotspot\src\share\vm\prims\jvm.cpp:1166
Event: 1.821 Thread 0x00dab400 Threw 0x04976710 at C:\jdk7u2_32P\jdk7u13_2932_new\hotspot\src\share\vm\prims\jvm.cpp:1166
Event: 1.822 Thread 0x00dab400 Threw 0x049777a8 at C:\jdk7u2_32P\jdk7u13_2932_new\hotspot\src\share\vm\prims\jvm.cpp:1166
Event: 1.834 Thread 0x00dab400 Threw 0x04984e00 at C:\jdk7u2_32P\jdk7u13_2932_new\hotspot\src\share\vm\prims\jvm.cpp:1166
Event: 3.077 Thread 0x19608800 Threw 0x049c3710 at C:\jdk7u2_32P\jdk7u13_2932_new\hotspot\src\share\vm\prims\jvm.cpp:1166
Event: 3.103 Thread 0x19608800 Threw 0x049d6ac8 at C:\jdk7u2_32P\jdk7u13_2932_new\hotspot\src\share\vm\prims\jvm.cpp:1166
Event: 11.105 Thread 0x196a4400 Threw 0x04a0f338 at C:\jdk7u2_32P\jdk7u13_2932_new\hotspot\src\share\vm\prims\jni.cpp:742
Event: 22.086 Thread 0x196a4400 Threw 0x04a54bf8 at C:\jdk7u2_32P\jdk7u13_2932_new\hotspot\src\share\vm\prims\jvm.cpp:1166
Event: 22.096 Thread 0x196a4400 Threw 0x04a56928 at C:\jdk7u2_32P\jdk7u13_2932_new\hotspot\src\share\vm\prims\jni.cpp:716
Event: 22.119 Thread 0x196a4400 Threw 0x04a83718 at C:\jdk7u2_32P\jdk7u13_2932_new\hotspot\src\share\vm\prims\jni.cpp:716

Events (10 events):
Event: 27.710 Executing VM operation: RevokeBias
Event: 27.710 Executing VM operation: RevokeBias done
Event: 27.710 Executing VM operation: RevokeBias
Event: 27.710 Executing VM operation: RevokeBias done
Event: 27.710 Executing VM operation: RevokeBias
Event: 27.710 Executing VM operation: RevokeBias done
Event: 28.090 Thread 0x196ae400 Thread exited: 0x196ae400
Event: 28.090 Executing VM operation: RevokeBias
Event: 28.091 Executing VM operation: RevokeBias done
Event: 28.091 Thread 0x196b3800 Thread exited: 0x196b3800


Dynamic libraries:
0x01260000 - 0x0128f000 	C:\Program Files (x86)\Java\jdk1.7.0_13\bin\javaw.exe
0x77bf0000 - 0x77d70000 	C:\Windows\SysWOW64\ntdll.dll
0x76dc0000 - 0x76ec0000 	C:\Windows\syswow64\kernel32.dll
0x76cd0000 - 0x76d16000 	C:\Windows\syswow64\KERNELBASE.dll
0x76bf0000 - 0x76c90000 	C:\Windows\syswow64\ADVAPI32.dll
0x772a0000 - 0x7734c000 	C:\Windows\syswow64\msvcrt.dll
0x76ae0000 - 0x76af9000 	C:\Windows\SysWOW64\sechost.dll
0x76b00000 - 0x76bf0000 	C:\Windows\syswow64\RPCRT4.dll
0x75760000 - 0x757c0000 	C:\Windows\syswow64\SspiCli.dll
0x75750000 - 0x7575c000 	C:\Windows\syswow64\CRYPTBASE.dll
0x757c0000 - 0x758c0000 	C:\Windows\syswow64\USER32.dll
0x76ed0000 - 0x76f60000 	C:\Windows\syswow64\GDI32.dll
0x76ec0000 - 0x76eca000 	C:\Windows\syswow64\LPK.dll
0x774c0000 - 0x7755d000 	C:\Windows\syswow64\USP10.dll
0x71f00000 - 0x7209e000 	C:\Windows\WinSxS\x86_microsoft.windows.common-controls_6595b64144ccf1df_6.0.7600.16385_none_421189da2b7fabfc\COMCTL32.dll
0x75a90000 - 0x75ae7000 	C:\Windows\syswow64\SHLWAPI.dll
0x75b20000 - 0x75b80000 	C:\Windows\system32\IMM32.DLL
0x77620000 - 0x776ec000 	C:\Windows\syswow64\MSCTF.dll
0x6ba00000 - 0x6babe000 	C:\Program Files (x86)\Java\jdk1.7.0_13\jre\bin\msvcr100.dll
0x5d870000 - 0x5dbbd000 	C:\Program Files (x86)\Java\jdk1.7.0_13\jre\bin\client\jvm.dll
0x703e0000 - 0x703e7000 	C:\Windows\system32\WSOCK32.dll
0x76c90000 - 0x76cc5000 	C:\Windows\syswow64\WS2_32.dll
0x76d20000 - 0x76d26000 	C:\Windows\syswow64\NSI.dll
0x714a0000 - 0x714d2000 	C:\Windows\system32\WINMM.dll
0x767d0000 - 0x767d5000 	C:\Windows\syswow64\PSAPI.DLL
0x6bb70000 - 0x6bb7c000 	C:\Program Files (x86)\Java\jdk1.7.0_13\jre\bin\verify.dll
0x6bb50000 - 0x6bb70000 	C:\Program Files (x86)\Java\jdk1.7.0_13\jre\bin\java.dll
0x6bb30000 - 0x6bb43000 	C:\Program Files (x86)\Java\jdk1.7.0_13\jre\bin\zip.dll
0x004b0000 - 0x004c2000 	C:\Program Files (x86)\Java\jdk1.7.0_13\jre\bin\rxtxSerial.dll
0x6c240000 - 0x6c267000 	C:\Windows\system32\crtdll.dll
0x65e70000 - 0x65fb2000 	C:\Program Files (x86)\Java\jdk1.7.0_13\jre\bin\awt.dll
0x76a50000 - 0x76adf000 	C:\Windows\syswow64\OLEAUT32.dll
0x77350000 - 0x774ac000 	C:\Windows\syswow64\ole32.dll
0x6d2c0000 - 0x6d340000 	C:\Windows\system32\uxtheme.dll
0x6d2a0000 - 0x6d2b3000 	C:\Windows\system32\dwmapi.dll
0x75b80000 - 0x767c9000 	C:\Windows\syswow64\SHELL32.dll
0x65e40000 - 0x65e6a000 	C:\Program Files (x86)\Java\jdk1.7.0_13\jre\bin\fontmanager.dll
0x6bd80000 - 0x6bf43000 	C:\Windows\system32\d3d9.dll
0x722b0000 - 0x722b9000 	C:\Windows\system32\VERSION.dll
0x756e0000 - 0x756e6000 	C:\Windows\system32\d3d8thk.dll
0x60c00000 - 0x60c08000 	C:\Windows\system32\atiu9pag.dll
0x60870000 - 0x60be6000 	C:\Windows\system32\atiumdag.dll
0x60570000 - 0x6084f000 	C:\Windows\system32\atiumdva.dll
0x746e0000 - 0x746f4000 	C:\Program Files (x86)\Java\jdk1.7.0_13\jre\bin\net.dll
0x18830000 - 0x18863000 	C:\Windows\system32\idmmbc.dll
0x714e0000 - 0x7151c000 	C:\Windows\system32\mswsock.dll
0x6e880000 - 0x6e886000 	C:\Windows\System32\wship6.dll
0x749c0000 - 0x749ce000 	C:\Program Files (x86)\Java\jdk1.7.0_13\jre\bin\nio.dll
0x65e00000 - 0x65e31000 	C:\Program Files (x86)\Java\jdk1.7.0_13\jre\bin\t2k.dll
0x002b0000 - 0x002b7000 	C:\Program Files (x86)\Internet Download Manager\idmmkb.dll
0x6ee30000 - 0x6ef1b000 	C:\Windows\system32\dbghelp.dll

VM Arguments:
jvm_args: -Dfile.encoding=Cp1256 
java_command: MainClass
Launcher Type: SUN_STANDARD

Environment Variables:
CLASSPATH=.;C:\Program Files (x86)\Java\jre7\lib\ext\QTJava.zip
PATH=C:\Program Files (x86)\CSR\BlueSuite 2.4\DFU Tools;C:\Program Files\Common Files\Microsoft Shared\Windows Live;C:\Windows\system32;C:\Windows;C:\Windows\System32\Wbem;C:\Windows\System32\WindowsPowerShell\v1.0\;C:\Program Files (x86)\ATI Technologies\ATI.ACE\Core-Static;C:\Program Files\WIDCOMM\Bluetooth Software\;C:\Program Files\WIDCOMM\Bluetooth Software\syswow64;C:\Users\Ahmed\Desktop\android-sdk-windows\tools\;C:\Users\Ahmed\Desktop\android-sdk-windows\android-ndk-r8d\;C:\Users\Ahmed\Desktop\android-sdk-windows\android-ndk-r8d\samples\Androlirc-master\jni;C:\Program Files (x86)\Git\cmd;C:\Program Files (x86)\QuickTime\QTSystem\;C:\Program Files (x86)\SlikSvn\bin;C:\Program Files (x86)\Subversion\bin;C:\Cadence\SPB_15.5\tools\PSpice\Library;C:\Cadence\SPB_15.5\tools\Capture;C:\Cadence\SPB_15.5\tools\bin;C:\Cadence\SPB_15.5\tools\pcb\bin;C:\Cadence\SPB_15.5\tools\specctra\bin;C:\Cadence\SPB_15.5\tools\libutil\bin;C:\Cadence\SPB_15.5\tools\fet\bin;C:\Program Files (x86)\IVI Foundation\VISA\WinNT\Bin;C:\Program Files\Common Files\Microsoft Shared\Windows Live;H:\ndk\android-ndk-r8d;C:\cygwin\bin;C:\Program Files\Java\jdk1.7.0_45;
USERNAME=Ahmed
OS=Windows_NT
PROCESSOR_IDENTIFIER=Intel64 Family 6 Model 37 Stepping 5, GenuineIntel



---------------  S Y S T E M  ---------------

OS: Windows 7 , 64 bit Build 7600 

CPU:total 4 (2 cores per cpu, 2 threads per core) family 6 model 37 stepping 5, cmov, cx8, fxsr, mmx, sse, sse2, sse3, ssse3, sse4.1, sse4.2, popcnt, ht, tsc, tscinvbit

Memory: 4k page, physical 3987312k(1744360k free), swap 7972728k(4523528k free)

vm_info: Java HotSpot(TM) Client VM (23.7-b01) for windows-x86 JRE (1.7.0_13-b20), built on Jan 30 2013 10:03:58 by "java_re" with unknown MS VC++:1600

time: Tue Dec 17 22:31:57 2013
elapsed time: 28 seconds

